Sep 02, 2014 6:24:51 PM org.apache.catalina.core.AprLifecycleListener init
INFO: The APR based Apache Tomcat Native library which allows optimal performance in production environments was not found on the java.library.path: C:\Program Files\Java\jre7\bin;C:\Windows\Sun\Java\bin;C:\Windows\system32;C:\Windows;C:\Windows\system32;C:\Windows;C:\Windows\System32\Wbem;C:\Windows\System32\WindowsPowerShell\v1.0\;C:\Program Files\Intel\WiFi\bin\;C:\Program Files\Common Files\Intel\WirelessCommon\;C:\Program Files\QuickTime\QTSystem\;.
Sep 02, 2014 6:24:56 PM org.apache.coyote.AbstractProtocol init
INFO: Initializing ProtocolHandler ["http-bio-8080"]
Sep 02, 2014 6:24:56 PM org.apache.coyote.AbstractProtocol init
INFO: Initializing ProtocolHandler ["ajp-bio-8009"]
Sep 02, 2014 6:24:56 PM org.apache.catalina.startup.Catalina load
INFO: Initialization processed in 7486 ms
Sep 02, 2014 6:24:56 PM org.apache.catalina.core.StandardService startInternal
INFO: Starting service Catalina
Sep 02, 2014 6:24:56 PM org.apache.catalina.core.StandardEngine startInternal
INFO: Starting Servlet Engine: Apache Tomcat/7.0.42
Sep 02, 2014 6:25:00 PM org.apache.catalina.startup.HostConfig deployWAR
INFO: Deploying web application archive K:\ArcherVMPeridot\tomcat\webapps\hudson-3.2.0.war
Sep 02, 2014 6:25:07 PM org.apache.catalina.loader.WebappClassLoader validateJarFile
INFO: validateJarFile(K:\ArcherVMPeridot\tomcat\webapps\hudson-3.2.0\WEB-INF\lib\servlet-api-2.4.jar) - jar not loaded. See Servlet Spec 2.3, section 9.7.2. Offending class: javax/servlet/Servlet.class
Sep 02, 2014 6:25:25 PM org.eclipse.hudson.HudsonServletContextListener contextInitialized
INFO: Home directory: C:\Users\student\.hudson
Sep 02, 2014 6:25:26 PM org.eclipse.hudson.security.HudsonSecurityManager load
INFO: Loading Security ..
Sep 02, 2014 6:25:27 PM org.eclipse.hudson.init.InitialSetup refreshUpdateCenterMetadataCache
INFO: Could not fetch update center metadata from http://hudson-ci.org/update-center3.2/update-center.json. Using bundled update center metadata.
Sep 02, 2014 6:25:29 PM org.eclipse.hudson.HudsonServletContextListener contextInitialized
INFO: 


================>

Initial setup required. Please go to the Hudson Dashboard and complete the setup.

<================



Sep 02, 2014 6:25:29 PM hudson.util.CharacterEncodingFilter init
INFO: CharacterEncodingFilter initialized. DISABLE_FILTER: false FORCE_ENCODING: false
Sep 02, 2014 6:25:29 PM org.apache.catalina.startup.HostConfig deployWAR
INFO: Deploying web application archive K:\ArcherVMPeridot\tomcat\webapps\jenkins.war
Sep 02, 2014 6:25:53 PM org.apache.catalina.startup.HostConfig deployDirectory
INFO: Deploying web application directory K:\ArcherVMPeridot\tomcat\webapps\ArcherCraft_Mainframe
Sep 02, 2014 6:25:54 PM org.apache.catalina.startup.HostConfig deployDirectory
INFO: Deploying web application directory K:\ArcherVMPeridot\tomcat\webapps\docs
Sep 02, 2014 6:25:54 PM org.apache.catalina.startup.HostConfig deployDirectory
INFO: Deploying web application directory K:\ArcherVMPeridot\tomcat\webapps\examples
Sep 02, 2014 6:25:56 PM org.apache.catalina.startup.HostConfig deployDirectory
INFO: Deploying web application directory K:\ArcherVMPeridot\tomcat\webapps\host-manager
Sep 02, 2014 6:25:57 PM jenkins.InitReactorRunner$1 onAttained
INFO: Started initialization
Sep 02, 2014 6:25:57 PM org.apache.catalina.startup.HostConfig deployDirectory
INFO: Deploying web application directory K:\ArcherVMPeridot\tomcat\webapps\jobs
Sep 02, 2014 6:25:57 PM org.apache.catalina.startup.HostConfig deployDirectory
INFO: Deploying web application directory K:\ArcherVMPeridot\tomcat\webapps\jre
Sep 02, 2014 6:25:57 PM org.apache.catalina.startup.HostConfig deployDirectory
INFO: Deploying web application directory K:\ArcherVMPeridot\tomcat\webapps\manager
Sep 02, 2014 6:25:58 PM org.apache.catalina.startup.HostConfig deployDirectory
INFO: Deploying web application directory K:\ArcherVMPeridot\tomcat\webapps\plugins
Sep 02, 2014 6:25:58 PM org.apache.catalina.startup.HostConfig deployDirectory
INFO: Deploying web application directory K:\ArcherVMPeridot\tomcat\webapps\ROOT
Sep 02, 2014 6:25:58 PM org.apache.catalina.startup.HostConfig deployDirectory
INFO: Deploying web application directory K:\ArcherVMPeridot\tomcat\webapps\secrets
Sep 02, 2014 6:25:58 PM org.apache.catalina.startup.HostConfig deployDirectory
INFO: Deploying web application directory K:\ArcherVMPeridot\tomcat\webapps\userContent
Sep 02, 2014 6:25:58 PM org.apache.catalina.startup.HostConfig deployDirectory
INFO: Deploying web application directory K:\ArcherVMPeridot\tomcat\webapps\war
Sep 02, 2014 6:26:43 PM org.apache.coyote.AbstractProtocol start
INFO: Starting ProtocolHandler ["http-bio-8080"]
Sep 02, 2014 6:26:43 PM org.apache.coyote.AbstractProtocol start
INFO: Starting ProtocolHandler ["ajp-bio-8009"]
Sep 02, 2014 6:26:43 PM org.apache.catalina.startup.Catalina start
INFO: Server startup in 107162 ms
Sep 02, 2014 6:26:48 PM jenkins.InitReactorRunner$1 onAttained
INFO: Started initialization
Sep 02, 2014 6:26:49 PM jenkins.InitReactorRunner$1 onTaskFailed
SEVERE: Failed Inspecting plugin C:\Users\student\.hudson\plugins\cvs.jpi
java.io.IOException: Failed to expand C:\Users\student\.hudson\plugins\cvs.jpi
	at hudson.ClassicPluginStrategy.explode(ClassicPluginStrategy.java:484)
	at hudson.ClassicPluginStrategy.createPluginWrapper(ClassicPluginStrategy.java:150)
	at hudson.PluginManager$1$3$1.run(PluginManager.java:240)
	at org.jvnet.hudson.reactor.TaskGraphBuilder$TaskImpl.run(TaskGraphBuilder.java:169)
	at org.jvnet.hudson.reactor.Reactor.runTask(Reactor.java:282)
	at jenkins.model.Jenkins$7.runTask(Jenkins.java:905)
	at org.jvnet.hudson.reactor.Reactor$2.run(Reactor.java:210)
	at org.jvnet.hudson.reactor.Reactor$Node.run(Reactor.java:117)
	at java.util.concurrent.ThreadPoolExecutor.runWorker(Unknown Source)
	at java.util.concurrent.ThreadPoolExecutor$Worker.run(Unknown Source)
	at java.lang.Thread.run(Unknown Source)
Caused by: Problem creating zip: null
	at org.apache.tools.ant.taskdefs.Zip.executeMain(Zip.java:741)
	at org.apache.tools.ant.taskdefs.Zip.execute(Zip.java:568)
	at hudson.ClassicPluginStrategy.createClassJarFromWebInfClasses(ClassicPluginStrategy.java:541)
	at hudson.ClassicPluginStrategy.explode(ClassicPluginStrategy.java:482)
	... 10 more
Caused by: java.io.EOFException
	at java.io.RandomAccessFile.readFully(Unknown Source)
	at java.io.RandomAccessFile.readFully(Unknown Source)
	at org.apache.tools.zip.ZipFile.resolveLocalFileHeaderData(ZipFile.java:520)
	at org.apache.tools.zip.ZipFile.<init>(ZipFile.java:187)
	at org.apache.tools.zip.ZipFile.<init>(ZipFile.java:163)
	at org.apache.tools.ant.types.resources.ZipResource.getInputStream(ZipResource.java:133)
	at org.apache.tools.ant.types.resources.ResourceDecorator.getInputStream(ResourceDecorator.java:125)
	at org.apache.tools.ant.taskdefs.Zip.addResource(Zip.java:1041)
	at org.apache.tools.ant.taskdefs.Zip.addResources(Zip.java:1098)
	at org.apache.tools.ant.taskdefs.Zip.executeMain(Zip.java:665)
	... 13 more

Sep 02, 2014 6:28:30 PM jenkins.InitReactorRunner$1 onTaskFailed
SEVERE: Failed Inspecting plugin C:\Users\student\.hudson\plugins\maven-plugin.jpi
java.nio.file.FileSystemException: C:\Users\student\.hudson\plugins\maven-plugin\WEB-INF\lib\classes.jar: The process cannot access the file because it is being used by another process.

	at sun.nio.fs.WindowsException.translateToIOException(Unknown Source)
	at sun.nio.fs.WindowsException.rethrowAsIOException(Unknown Source)
	at sun.nio.fs.WindowsException.rethrowAsIOException(Unknown Source)
	at sun.nio.fs.WindowsFileSystemProvider.implDelete(Unknown Source)
	at sun.nio.fs.AbstractFileSystemProvider.delete(Unknown Source)
	at java.nio.file.Files.delete(Unknown Source)
	at sun.reflect.NativeMethodAccessorImpl.invoke0(Native Method)
	at sun.reflect.NativeMethodAccessorImpl.invoke(Unknown Source)
	at sun.reflect.DelegatingMethodAccessorImpl.invoke(Unknown Source)
	at java.lang.reflect.Method.invoke(Unknown Source)
	at hudson.Util.deleteFile(Util.java:247)
	at hudson.Util.deleteRecursive(Util.java:310)
	at hudson.Util.deleteContentsRecursive(Util.java:212)
	at hudson.Util.deleteRecursive(Util.java:301)
	at hudson.Util.deleteContentsRecursive(Util.java:212)
	at hudson.Util.deleteRecursive(Util.java:301)
	at hudson.Util.deleteContentsRecursive(Util.java:212)
	at hudson.Util.deleteRecursive(Util.java:301)
	at hudson.ClassicPluginStrategy.explode(ClassicPluginStrategy.java:477)
	at hudson.ClassicPluginStrategy.createPluginWrapper(ClassicPluginStrategy.java:150)
	at hudson.PluginManager$1$3$1.run(PluginManager.java:240)
	at org.jvnet.hudson.reactor.TaskGraphBuilder$TaskImpl.run(TaskGraphBuilder.java:169)
	at org.jvnet.hudson.reactor.Reactor.runTask(Reactor.java:282)
	at jenkins.model.Jenkins$7.runTask(Jenkins.java:905)
	at org.jvnet.hudson.reactor.Reactor$2.run(Reactor.java:210)
	at org.jvnet.hudson.reactor.Reactor$Node.run(Reactor.java:117)
	at java.util.concurrent.ThreadPoolExecutor.runWorker(Unknown Source)
	at java.util.concurrent.ThreadPoolExecutor$Worker.run(Unknown Source)
	at java.lang.Thread.run(Unknown Source)

Sep 02, 2014 6:29:55 PM jenkins.InitReactorRunner$1 onTaskFailed
SEVERE: Failed Inspecting plugin C:\Users\student\.hudson\plugins\maven-plugin.jpi
java.io.IOException: Plugin installation failed. No manifest at C:\Users\student\.hudson\plugins\maven-plugin\META-INF\MANIFEST.MF
	at hudson.ClassicPluginStrategy.createPluginWrapper(ClassicPluginStrategy.java:155)
	at hudson.PluginManager$1$3$1.run(PluginManager.java:240)
	at org.jvnet.hudson.reactor.TaskGraphBuilder$TaskImpl.run(TaskGraphBuilder.java:169)
	at org.jvnet.hudson.reactor.Reactor.runTask(Reactor.java:282)
	at jenkins.model.Jenkins$7.runTask(Jenkins.java:905)
	at org.jvnet.hudson.reactor.Reactor$2.run(Reactor.java:210)
	at org.jvnet.hudson.reactor.Reactor$Node.run(Reactor.java:117)
	at java.util.concurrent.ThreadPoolExecutor.runWorker(Unknown Source)
	at java.util.concurrent.ThreadPoolExecutor$Worker.run(Unknown Source)
	at java.lang.Thread.run(Unknown Source)

Sep 02, 2014 6:29:57 PM jenkins.InitReactorRunner$1 onTaskFailed
SEVERE: Failed Inspecting plugin C:\Users\student\.hudson\plugins\translation.jpi
java.io.IOException: Plugin installation failed. No manifest at C:\Users\student\.hudson\plugins\translation\META-INF\MANIFEST.MF
	at hudson.ClassicPluginStrategy.createPluginWrapper(ClassicPluginStrategy.java:155)
	at hudson.PluginManager$1$3$1.run(PluginManager.java:240)
	at org.jvnet.hudson.reactor.TaskGraphBuilder$TaskImpl.run(TaskGraphBuilder.java:169)
	at org.jvnet.hudson.reactor.Reactor.runTask(Reactor.java:282)
	at jenkins.model.Jenkins$7.runTask(Jenkins.java:905)
	at org.jvnet.hudson.reactor.Reactor$2.run(Reactor.java:210)
	at org.jvnet.hudson.reactor.Reactor$Node.run(Reactor.java:117)
	at java.util.concurrent.ThreadPoolExecutor.runWorker(Unknown Source)
	at java.util.concurrent.ThreadPoolExecutor$Worker.run(Unknown Source)
	at java.lang.Thread.run(Unknown Source)

Sep 02, 2014 6:30:10 PM jenkins.InitReactorRunner$1 onAttained
INFO: Listed all plugins
Sep 02, 2014 6:30:13 PM jenkins.InitReactorRunner$1 onAttained
INFO: Prepared all plugins
Sep 02, 2014 6:30:15 PM jenkins.InitReactorRunner$1 onAttained
INFO: Started all plugins
Sep 02, 2014 6:30:16 PM jenkins.InitReactorRunner$1 onAttained
INFO: Augmented all extensions
Sep 02, 2014 6:30:16 PM jenkins.InitReactorRunner$1 onAttained
INFO: Loaded all jobs
Sep 02, 2014 6:30:24 PM jenkins.InitReactorRunner$1 onAttained
INFO: Listed all plugins
Sep 02, 2014 6:30:24 PM jenkins.InitReactorRunner$1 onAttained
INFO: Prepared all plugins
Sep 02, 2014 6:30:25 PM jenkins.InitReactorRunner$1 onAttained
INFO: Started all plugins
Sep 02, 2014 6:30:28 PM jenkins.InitReactorRunner$1 onAttained
INFO: Augmented all extensions
Sep 02, 2014 6:30:28 PM jenkins.InitReactorRunner$1 onAttained
INFO: Loaded all jobs
Sep 02, 2014 6:31:15 PM org.jenkinsci.main.modules.sshd.SSHD start
INFO: Started SSHD at port 49230
Sep 02, 2014 6:31:15 PM jenkins.InitReactorRunner$1 onAttained
INFO: Completed initialization
Sep 02, 2014 6:31:15 PM hudson.TcpSlaveAgentListener <init>
INFO: JNLP slave agent listener started on TCP port 49231
Sep 02, 2014 6:31:16 PM hudson.WebAppMain$3 run
INFO: Jenkins is fully up and running
Sep 02, 2014 6:31:17 PM javax.jmdns.impl.HostInfo newHostInfo
WARNING: Could not find any address beside the loopback.
Sep 02, 2014 6:31:20 PM org.jenkinsci.main.modules.sshd.SSHD start
INFO: Started SSHD at port 49240
Sep 02, 2014 6:31:21 PM jenkins.InitReactorRunner$1 onAttained
INFO: Completed initialization
Sep 02, 2014 6:31:21 PM hudson.TcpSlaveAgentListener <init>
INFO: JNLP slave agent listener started on TCP port 49241
Sep 02, 2014 6:31:21 PM hudson.WebAppMain$3 run
INFO: Jenkins is fully up and running
Sep 02, 2014 6:31:22 PM javax.jmdns.impl.HostInfo newHostInfo
WARNING: Could not find any address beside the loopback.
