Aug 29, 2014 10:47:05 PM org.apache.catalina.core.AprLifecycleListener init
INFO: The APR based Apache Tomcat Native library which allows optimal performance in production environments was not found on the java.library.path: C:\Program Files\Java\jre7\bin;C:\Windows\Sun\Java\bin;C:\Windows\system32;C:\Windows;C:\Windows\system32;C:\Windows;C:\Windows\System32\Wbem;C:\Windows\System32\WindowsPowerShell\v1.0\;C:\Program Files\Intel\WiFi\bin\;C:\Program Files\Common Files\Intel\WirelessCommon\;C:\Program Files\QuickTime\QTSystem\;.
Aug 29, 2014 10:47:09 PM org.apache.coyote.AbstractProtocol init
INFO: Initializing ProtocolHandler ["http-bio-8080"]
Aug 29, 2014 10:47:09 PM org.apache.coyote.AbstractProtocol init
INFO: Initializing ProtocolHandler ["ajp-bio-8009"]
Aug 29, 2014 10:47:09 PM org.apache.catalina.startup.Catalina load
INFO: Initialization processed in 8292 ms
Aug 29, 2014 10:47:09 PM org.apache.catalina.core.StandardService startInternal
INFO: Starting service Catalina
Aug 29, 2014 10:47:09 PM org.apache.catalina.core.StandardEngine startInternal
INFO: Starting Servlet Engine: Apache Tomcat/7.0.42
Aug 29, 2014 10:47:10 PM org.apache.catalina.startup.HostConfig deployWAR
INFO: Deploying web application archive E:\xampp\tomcat\webapps\jenkins.war
Aug 29, 2014 10:47:48 PM org.apache.catalina.startup.HostConfig deployWAR
INFO: Deploying web application archive E:\xampp\tomcat\webapps\hudson-3.2.0.war
Aug 29, 2014 10:47:59 PM jenkins.InitReactorRunner$1 onAttained
INFO: Started initialization
Aug 29, 2014 10:53:48 PM jenkins.InitReactorRunner$1 onAttained
INFO: Listed all plugins
Aug 29, 2014 10:53:50 PM jenkins.InitReactorRunner$1 onAttained
INFO: Prepared all plugins
Aug 29, 2014 10:53:50 PM jenkins.InitReactorRunner$1 onAttained
INFO: Started all plugins
Aug 29, 2014 10:53:51 PM jenkins.InitReactorRunner$1 onAttained
INFO: Augmented all extensions
Aug 29, 2014 10:53:51 PM jenkins.InitReactorRunner$1 onAttained
INFO: Loaded all jobs
Aug 29, 2014 10:55:03 PM org.apache.catalina.loader.WebappClassLoader validateJarFile
INFO: validateJarFile(E:\xampp\tomcat\webapps\hudson-3.2.0\WEB-INF\lib\servlet-api-2.4.jar) - jar not loaded. See Servlet Spec 2.3, section 9.7.2. Offending class: javax/servlet/Servlet.class
Aug 29, 2014 10:56:21 PM org.eclipse.hudson.HudsonServletContextListener contextInitialized
INFO: Home directory: C:\Users\student\.hudson
Aug 29, 2014 10:56:23 PM org.eclipse.hudson.security.HudsonSecurityManager load
INFO: Loading Security ..
Aug 29, 2014 10:56:31 PM org.eclipse.hudson.HudsonServletContextListener contextInitialized
INFO: 


================>

Initial setup required. Please go to the Hudson Dashboard and complete the setup.

<================



Aug 29, 2014 10:56:31 PM hudson.util.CharacterEncodingFilter init
INFO: CharacterEncodingFilter initialized. DISABLE_FILTER: false FORCE_ENCODING: false
Aug 29, 2014 10:56:33 PM org.apache.catalina.startup.HostConfig deployDirectory
INFO: Deploying web application directory E:\xampp\tomcat\webapps\ROOT
Aug 29, 2014 10:56:33 PM org.apache.catalina.startup.HostConfig deployDirectory
INFO: Deploying web application directory E:\xampp\tomcat\webapps\manager
Aug 29, 2014 10:56:34 PM org.apache.catalina.startup.HostConfig deployDirectory
INFO: Deploying web application directory E:\xampp\tomcat\webapps\host-manager
Aug 29, 2014 10:56:35 PM org.apache.catalina.startup.HostConfig deployDirectory
INFO: Deploying web application directory E:\xampp\tomcat\webapps\examples
Aug 29, 2014 10:56:39 PM org.apache.catalina.startup.HostConfig deployDirectory
INFO: Deploying web application directory E:\xampp\tomcat\webapps\docs
Aug 29, 2014 10:56:39 PM org.apache.catalina.startup.HostConfig deployDirectory
INFO: Deploying web application directory E:\xampp\tomcat\webapps\ArcherCraft_Mainframe
Aug 29, 2014 10:56:39 PM org.apache.catalina.startup.HostConfig deployDirectory
INFO: Deploying web application directory E:\xampp\tomcat\webapps\jre
Aug 29, 2014 10:56:39 PM org.apache.catalina.startup.HostConfig deployDirectory
INFO: Deploying web application directory E:\xampp\tomcat\webapps\war
Aug 29, 2014 10:58:08 PM org.jenkinsci.main.modules.sshd.SSHD start
INFO: Started SSHD at port 52751
Aug 29, 2014 10:58:08 PM jenkins.InitReactorRunner$1 onAttained
INFO: Completed initialization
Aug 29, 2014 10:58:08 PM hudson.TcpSlaveAgentListener <init>
INFO: JNLP slave agent listener started on TCP port 52752
Aug 29, 2014 10:58:10 PM hudson.WebAppMain$3 run
INFO: Jenkins is fully up and running
Aug 29, 2014 10:58:19 PM org.apache.catalina.startup.HostConfig deployDirectory
INFO: Deploying web application directory E:\xampp\tomcat\webapps\plugins
Aug 29, 2014 10:58:19 PM org.apache.catalina.startup.HostConfig deployDirectory
INFO: Deploying web application directory E:\xampp\tomcat\webapps\jobs
Aug 29, 2014 10:58:20 PM org.apache.catalina.startup.HostConfig deployDirectory
INFO: Deploying web application directory E:\xampp\tomcat\webapps\secrets
Aug 29, 2014 10:58:20 PM org.apache.catalina.startup.HostConfig deployDirectory
INFO: Deploying web application directory E:\xampp\tomcat\webapps\userContent
Aug 29, 2014 10:58:20 PM org.apache.coyote.AbstractProtocol start
INFO: Starting ProtocolHandler ["http-bio-8080"]
Aug 29, 2014 10:58:20 PM org.apache.coyote.AbstractProtocol start
INFO: Starting ProtocolHandler ["ajp-bio-8009"]
Aug 29, 2014 10:58:20 PM org.apache.catalina.startup.Catalina start
INFO: Server startup in 671011 ms
Aug 29, 2014 10:58:25 PM jenkins.InitReactorRunner$1 onAttained
INFO: Started initialization
Aug 29, 2014 11:08:54 PM jenkins.InitReactorRunner$1 onAttained
INFO: Listed all plugins
Aug 29, 2014 11:09:01 PM jenkins.InitReactorRunner$1 onAttained
INFO: Prepared all plugins
Aug 29, 2014 11:09:01 PM jenkins.InitReactorRunner$1 onAttained
INFO: Started all plugins
Aug 29, 2014 11:09:02 PM jenkins.InitReactorRunner$1 onAttained
INFO: Augmented all extensions
Aug 29, 2014 11:09:02 PM jenkins.InitReactorRunner$1 onAttained
INFO: Loaded all jobs
Aug 29, 2014 11:11:44 PM org.jenkinsci.main.modules.sshd.SSHD start
INFO: Started SSHD at port 53032
Aug 29, 2014 11:11:45 PM jenkins.InitReactorRunner$1 onAttained
INFO: Completed initialization
Aug 29, 2014 11:11:45 PM hudson.TcpSlaveAgentListener <init>
INFO: JNLP slave agent listener started on TCP port 53036
Aug 29, 2014 11:12:00 PM hudson.WebAppMain$3 run
INFO: Jenkins is fully up and running
Aug 29, 2014 11:55:49 PM hudson.node_monitors.AbstractAsyncNodeMonitorDescriptor monitor
WARNING: Failed to monitor master for Free Temp Space
java.util.concurrent.TimeoutException
	at java.util.concurrent.FutureTask$Sync.innerGet(Unknown Source)
	at java.util.concurrent.FutureTask.get(Unknown Source)
	at hudson.remoting.LocalChannel$2.get(LocalChannel.java:81)
	at hudson.node_monitors.AbstractAsyncNodeMonitorDescriptor.monitor(AbstractAsyncNodeMonitorDescriptor.java:97)
	at hudson.node_monitors.AbstractNodeMonitorDescriptor$Record.run(AbstractNodeMonitorDescriptor.java:280)

Aug 29, 2014 11:55:49 PM hudson.node_monitors.AbstractAsyncNodeMonitorDescriptor monitor
WARNING: Failed to monitor master for Free Swap Space
java.util.concurrent.TimeoutException
	at java.util.concurrent.FutureTask$Sync.innerGet(Unknown Source)
	at java.util.concurrent.FutureTask.get(Unknown Source)
	at hudson.remoting.LocalChannel$2.get(LocalChannel.java:81)
	at hudson.node_monitors.AbstractAsyncNodeMonitorDescriptor.monitor(AbstractAsyncNodeMonitorDescriptor.java:97)
	at hudson.node_monitors.AbstractNodeMonitorDescriptor$Record.run(AbstractNodeMonitorDescriptor.java:280)

Aug 29, 2014 11:55:49 PM hudson.node_monitors.AbstractAsyncNodeMonitorDescriptor monitor
WARNING: Failed to monitor master for Response Time
java.util.concurrent.TimeoutException
	at java.util.concurrent.FutureTask$Sync.innerGet(Unknown Source)
	at java.util.concurrent.FutureTask.get(Unknown Source)
	at hudson.remoting.LocalChannel$2.get(LocalChannel.java:81)
	at hudson.node_monitors.AbstractAsyncNodeMonitorDescriptor.monitor(AbstractAsyncNodeMonitorDescriptor.java:97)
	at hudson.node_monitors.ResponseTimeMonitor$1.monitor(ResponseTimeMonitor.java:57)
	at hudson.node_monitors.AbstractNodeMonitorDescriptor$Record.run(AbstractNodeMonitorDescriptor.java:280)

Aug 29, 2014 11:55:49 PM hudson.node_monitors.AbstractAsyncNodeMonitorDescriptor monitor
WARNING: Failed to monitor master for Free Disk Space
java.util.concurrent.TimeoutException
	at java.util.concurrent.FutureTask$Sync.innerGet(Unknown Source)
	at java.util.concurrent.FutureTask.get(Unknown Source)
	at hudson.remoting.LocalChannel$2.get(LocalChannel.java:81)
	at hudson.node_monitors.AbstractAsyncNodeMonitorDescriptor.monitor(AbstractAsyncNodeMonitorDescriptor.java:97)
	at hudson.node_monitors.AbstractNodeMonitorDescriptor$Record.run(AbstractNodeMonitorDescriptor.java:280)

