Aug 28, 2014 5:41:34 PM org.apache.catalina.core.ApplicationContext log
INFO: ContextListener: contextInitialized()
Aug 28, 2014 5:41:34 PM org.apache.catalina.core.ApplicationContext log
INFO: SessionListener: contextInitialized()
Aug 28, 2014 5:41:35 PM org.apache.catalina.core.ApplicationContext log
INFO: ContextListener: attributeAdded('org.apache.jasper.compiler.TldLocationsCache', 'org.apache.jasper.compiler.TldLocationsCache@3890ac')
Aug 28, 2014 6:02:36 PM org.apache.catalina.core.ApplicationContext log
SEVERE: Error while serving http://localhost:8080/jenkins/job/ArcherVMPeridot%20Service%20Pack%201/configSubmit
java.lang.reflect.InvocationTargetException
	at sun.reflect.NativeMethodAccessorImpl.invoke0(Native Method)
	at sun.reflect.NativeMethodAccessorImpl.invoke(Unknown Source)
	at sun.reflect.DelegatingMethodAccessorImpl.invoke(Unknown Source)
	at java.lang.reflect.Method.invoke(Unknown Source)
	at org.kohsuke.stapler.Function$InstanceFunction.invoke(Function.java:298)
	at org.kohsuke.stapler.Function.bindAndInvoke(Function.java:161)
	at org.kohsuke.stapler.Function.bindAndInvokeAndServeResponse(Function.java:96)
	at org.kohsuke.stapler.MetaClass$1.doDispatch(MetaClass.java:120)
	at org.kohsuke.stapler.NameBasedDispatcher.dispatch(NameBasedDispatcher.java:53)
	at org.kohsuke.stapler.Stapler.tryInvoke(Stapler.java:728)
	at org.kohsuke.stapler.Stapler.invoke(Stapler.java:858)
	at org.kohsuke.stapler.MetaClass$6.doDispatch(MetaClass.java:248)
	at org.kohsuke.stapler.NameBasedDispatcher.dispatch(NameBasedDispatcher.java:53)
	at org.kohsuke.stapler.Stapler.tryInvoke(Stapler.java:728)
	at org.kohsuke.stapler.Stapler.invoke(Stapler.java:858)
	at org.kohsuke.stapler.Stapler.invoke(Stapler.java:631)
	at org.kohsuke.stapler.Stapler.service(Stapler.java:225)
	at javax.servlet.http.HttpServlet.service(HttpServlet.java:728)
	at org.apache.catalina.core.ApplicationFilterChain.internalDoFilter(ApplicationFilterChain.java:305)
	at org.apache.catalina.core.ApplicationFilterChain.doFilter(ApplicationFilterChain.java:210)
	at hudson.util.PluginServletFilter$1.doFilter(PluginServletFilter.java:96)
	at hudson.util.PluginServletFilter.doFilter(PluginServletFilter.java:88)
	at org.apache.catalina.core.ApplicationFilterChain.internalDoFilter(ApplicationFilterChain.java:243)
	at org.apache.catalina.core.ApplicationFilterChain.doFilter(ApplicationFilterChain.java:210)
	at hudson.security.csrf.CrumbFilter.doFilter(CrumbFilter.java:48)
	at org.apache.catalina.core.ApplicationFilterChain.internalDoFilter(ApplicationFilterChain.java:243)
	at org.apache.catalina.core.ApplicationFilterChain.doFilter(ApplicationFilterChain.java:210)
	at hudson.security.ChainedServletFilter$1.doFilter(ChainedServletFilter.java:84)
	at hudson.security.ChainedServletFilter.doFilter(ChainedServletFilter.java:76)
	at hudson.security.HudsonFilter.doFilter(HudsonFilter.java:164)
	at org.apache.catalina.core.ApplicationFilterChain.internalDoFilter(ApplicationFilterChain.java:243)
	at org.apache.catalina.core.ApplicationFilterChain.doFilter(ApplicationFilterChain.java:210)
	at org.kohsuke.stapler.compression.CompressionFilter.doFilter(CompressionFilter.java:46)
	at org.apache.catalina.core.ApplicationFilterChain.internalDoFilter(ApplicationFilterChain.java:243)
	at org.apache.catalina.core.ApplicationFilterChain.doFilter(ApplicationFilterChain.java:210)
	at hudson.util.CharacterEncodingFilter.doFilter(CharacterEncodingFilter.java:81)
	at org.apache.catalina.core.ApplicationFilterChain.internalDoFilter(ApplicationFilterChain.java:243)
	at org.apache.catalina.core.ApplicationFilterChain.doFilter(ApplicationFilterChain.java:210)
	at org.apache.catalina.core.StandardWrapperValve.invoke(StandardWrapperValve.java:222)
	at org.apache.catalina.core.StandardContextValve.invoke(StandardContextValve.java:123)
	at org.apache.catalina.authenticator.AuthenticatorBase.invoke(AuthenticatorBase.java:611)
	at org.apache.catalina.core.StandardHostValve.invoke(StandardHostValve.java:171)
	at org.apache.catalina.valves.ErrorReportValve.invoke(ErrorReportValve.java:99)
	at org.apache.catalina.valves.AccessLogValve.invoke(AccessLogValve.java:953)
	at org.apache.catalina.core.StandardEngineValve.invoke(StandardEngineValve.java:118)
	at org.apache.catalina.connector.CoyoteAdapter.service(CoyoteAdapter.java:408)
	at org.apache.coyote.http11.AbstractHttp11Processor.process(AbstractHttp11Processor.java:1023)
	at org.apache.coyote.AbstractProtocol$AbstractConnectionHandler.process(AbstractProtocol.java:589)
	at org.apache.tomcat.util.net.JIoEndpoint$SocketProcessor.run(JIoEndpoint.java:310)
	at java.util.concurrent.ThreadPoolExecutor.runWorker(Unknown Source)
	at java.util.concurrent.ThreadPoolExecutor$Worker.run(Unknown Source)
	at java.lang.Thread.run(Unknown Source)
Caused by: java.lang.NullPointerException
	at hudson.tasks.ArtifactArchiver.<init>(ArtifactArchiver.java:92)
	at sun.reflect.NativeConstructorAccessorImpl.newInstance0(Native Method)
	at sun.reflect.NativeConstructorAccessorImpl.newInstance(Unknown Source)
	at sun.reflect.DelegatingConstructorAccessorImpl.newInstance(Unknown Source)
	at java.lang.reflect.Constructor.newInstance(Unknown Source)
	at org.kohsuke.stapler.RequestImpl.invokeConstructor(RequestImpl.java:447)
	at org.kohsuke.stapler.RequestImpl.instantiate(RequestImpl.java:690)
	at org.kohsuke.stapler.RequestImpl.access$100(RequestImpl.java:81)
	at org.kohsuke.stapler.RequestImpl$TypePair.convertJSON(RequestImpl.java:587)
	at org.kohsuke.stapler.RequestImpl.bindJSON(RequestImpl.java:400)
	at org.kohsuke.stapler.RequestImpl.bindJSON(RequestImpl.java:396)
	at hudson.tasks.ArtifactArchiver$DescriptorImpl.newInstance(ArtifactArchiver.java:266)
	at hudson.tasks.ArtifactArchiver$DescriptorImpl.newInstance(ArtifactArchiver.java:247)
	at hudson.model.Descriptor.newInstancesFromHeteroList(Descriptor.java:914)
	at hudson.model.Descriptor.newInstancesFromHeteroList(Descriptor.java:899)
	at hudson.util.DescribableList.rebuildHetero(DescribableList.java:203)
	at hudson.model.Project.submit(Project.java:230)
	at hudson.model.Job.doConfigSubmit(Job.java:1154)
	at hudson.model.AbstractProject.doConfigSubmit(AbstractProject.java:773)
	... 52 more

Aug 28, 2014 6:02:41 PM org.apache.catalina.core.ApplicationContext log
SEVERE: Error while serving http://localhost:8080/jenkins/job/ArcherVMPeridot%20Service%20Pack%201/configSubmit
java.lang.reflect.InvocationTargetException
	at sun.reflect.NativeMethodAccessorImpl.invoke0(Native Method)
	at sun.reflect.NativeMethodAccessorImpl.invoke(Unknown Source)
	at sun.reflect.DelegatingMethodAccessorImpl.invoke(Unknown Source)
	at java.lang.reflect.Method.invoke(Unknown Source)
	at org.kohsuke.stapler.Function$InstanceFunction.invoke(Function.java:298)
	at org.kohsuke.stapler.Function.bindAndInvoke(Function.java:161)
	at org.kohsuke.stapler.Function.bindAndInvokeAndServeResponse(Function.java:96)
	at org.kohsuke.stapler.MetaClass$1.doDispatch(MetaClass.java:120)
	at org.kohsuke.stapler.NameBasedDispatcher.dispatch(NameBasedDispatcher.java:53)
	at org.kohsuke.stapler.Stapler.tryInvoke(Stapler.java:728)
	at org.kohsuke.stapler.Stapler.invoke(Stapler.java:858)
	at org.kohsuke.stapler.MetaClass$6.doDispatch(MetaClass.java:248)
	at org.kohsuke.stapler.NameBasedDispatcher.dispatch(NameBasedDispatcher.java:53)
	at org.kohsuke.stapler.Stapler.tryInvoke(Stapler.java:728)
	at org.kohsuke.stapler.Stapler.invoke(Stapler.java:858)
	at org.kohsuke.stapler.Stapler.invoke(Stapler.java:631)
	at org.kohsuke.stapler.Stapler.service(Stapler.java:225)
	at javax.servlet.http.HttpServlet.service(HttpServlet.java:728)
	at org.apache.catalina.core.ApplicationFilterChain.internalDoFilter(ApplicationFilterChain.java:305)
	at org.apache.catalina.core.ApplicationFilterChain.doFilter(ApplicationFilterChain.java:210)
	at org.apache.catalina.core.ApplicationDispatcher.invoke(ApplicationDispatcher.java:749)
	at org.apache.catalina.core.ApplicationDispatcher.doInclude(ApplicationDispatcher.java:605)
	at org.apache.catalina.core.ApplicationDispatcher.include(ApplicationDispatcher.java:544)
	at org.apache.catalina.core.StandardHostValve.custom(StandardHostValve.java:461)
	at org.apache.catalina.core.StandardHostValve.throwable(StandardHostValve.java:412)
	at org.apache.catalina.core.StandardHostValve.invoke(StandardHostValve.java:201)
	at org.apache.catalina.valves.ErrorReportValve.invoke(ErrorReportValve.java:99)
	at org.apache.catalina.valves.AccessLogValve.invoke(AccessLogValve.java:953)
	at org.apache.catalina.core.StandardEngineValve.invoke(StandardEngineValve.java:118)
	at org.apache.catalina.connector.CoyoteAdapter.service(CoyoteAdapter.java:408)
	at org.apache.coyote.http11.AbstractHttp11Processor.process(AbstractHttp11Processor.java:1023)
	at org.apache.coyote.AbstractProtocol$AbstractConnectionHandler.process(AbstractProtocol.java:589)
	at org.apache.tomcat.util.net.JIoEndpoint$SocketProcessor.run(JIoEndpoint.java:310)
	at java.util.concurrent.ThreadPoolExecutor.runWorker(Unknown Source)
	at java.util.concurrent.ThreadPoolExecutor$Worker.run(Unknown Source)
	at java.lang.Thread.run(Unknown Source)
Caused by: java.lang.NullPointerException
	at hudson.tasks.ArtifactArchiver.<init>(ArtifactArchiver.java:92)
	at sun.reflect.NativeConstructorAccessorImpl.newInstance0(Native Method)
	at sun.reflect.NativeConstructorAccessorImpl.newInstance(Unknown Source)
	at sun.reflect.DelegatingConstructorAccessorImpl.newInstance(Unknown Source)
	at java.lang.reflect.Constructor.newInstance(Unknown Source)
	at org.kohsuke.stapler.RequestImpl.invokeConstructor(RequestImpl.java:447)
	at org.kohsuke.stapler.RequestImpl.instantiate(RequestImpl.java:690)
	at org.kohsuke.stapler.RequestImpl.access$100(RequestImpl.java:81)
	at org.kohsuke.stapler.RequestImpl$TypePair.convertJSON(RequestImpl.java:587)
	at org.kohsuke.stapler.RequestImpl.bindJSON(RequestImpl.java:400)
	at org.kohsuke.stapler.RequestImpl.bindJSON(RequestImpl.java:396)
	at hudson.tasks.ArtifactArchiver$DescriptorImpl.newInstance(ArtifactArchiver.java:266)
	at hudson.tasks.ArtifactArchiver$DescriptorImpl.newInstance(ArtifactArchiver.java:247)
	at hudson.model.Descriptor.newInstancesFromHeteroList(Descriptor.java:914)
	at hudson.model.Descriptor.newInstancesFromHeteroList(Descriptor.java:899)
	at hudson.util.DescribableList.rebuildHetero(DescribableList.java:203)
	at hudson.model.Project.submit(Project.java:230)
	at hudson.model.Job.doConfigSubmit(Job.java:1154)
	at hudson.model.AbstractProject.doConfigSubmit(AbstractProject.java:773)
	... 36 more

Aug 28, 2014 6:02:42 PM org.apache.catalina.core.ApplicationDispatcher invoke
SEVERE: Servlet.service() for servlet Stapler threw exception
java.lang.NullPointerException
	at hudson.tasks.ArtifactArchiver.<init>(ArtifactArchiver.java:92)
	at sun.reflect.NativeConstructorAccessorImpl.newInstance0(Native Method)
	at sun.reflect.NativeConstructorAccessorImpl.newInstance(Unknown Source)
	at sun.reflect.DelegatingConstructorAccessorImpl.newInstance(Unknown Source)
	at java.lang.reflect.Constructor.newInstance(Unknown Source)
	at org.kohsuke.stapler.RequestImpl.invokeConstructor(RequestImpl.java:447)
	at org.kohsuke.stapler.RequestImpl.instantiate(RequestImpl.java:690)
	at org.kohsuke.stapler.RequestImpl.access$100(RequestImpl.java:81)
	at org.kohsuke.stapler.RequestImpl$TypePair.convertJSON(RequestImpl.java:587)
	at org.kohsuke.stapler.RequestImpl.bindJSON(RequestImpl.java:400)
	at org.kohsuke.stapler.RequestImpl.bindJSON(RequestImpl.java:396)
	at hudson.tasks.ArtifactArchiver$DescriptorImpl.newInstance(ArtifactArchiver.java:266)
	at hudson.tasks.ArtifactArchiver$DescriptorImpl.newInstance(ArtifactArchiver.java:247)
	at hudson.model.Descriptor.newInstancesFromHeteroList(Descriptor.java:914)
	at hudson.model.Descriptor.newInstancesFromHeteroList(Descriptor.java:899)
	at hudson.util.DescribableList.rebuildHetero(DescribableList.java:203)
	at hudson.model.Project.submit(Project.java:230)
	at hudson.model.Job.doConfigSubmit(Job.java:1154)
	at hudson.model.AbstractProject.doConfigSubmit(AbstractProject.java:773)
	at sun.reflect.NativeMethodAccessorImpl.invoke0(Native Method)
	at sun.reflect.NativeMethodAccessorImpl.invoke(Unknown Source)
	at sun.reflect.DelegatingMethodAccessorImpl.invoke(Unknown Source)
	at java.lang.reflect.Method.invoke(Unknown Source)
	at org.kohsuke.stapler.Function$InstanceFunction.invoke(Function.java:298)
	at org.kohsuke.stapler.Function.bindAndInvoke(Function.java:161)
	at org.kohsuke.stapler.Function.bindAndInvokeAndServeResponse(Function.java:96)
	at org.kohsuke.stapler.MetaClass$1.doDispatch(MetaClass.java:120)
	at org.kohsuke.stapler.NameBasedDispatcher.dispatch(NameBasedDispatcher.java:53)
	at org.kohsuke.stapler.Stapler.tryInvoke(Stapler.java:728)
	at org.kohsuke.stapler.Stapler.invoke(Stapler.java:858)
	at org.kohsuke.stapler.MetaClass$6.doDispatch(MetaClass.java:248)
	at org.kohsuke.stapler.NameBasedDispatcher.dispatch(NameBasedDispatcher.java:53)
	at org.kohsuke.stapler.Stapler.tryInvoke(Stapler.java:728)
	at org.kohsuke.stapler.Stapler.invoke(Stapler.java:858)
	at org.kohsuke.stapler.Stapler.invoke(Stapler.java:631)
	at org.kohsuke.stapler.Stapler.service(Stapler.java:225)
	at javax.servlet.http.HttpServlet.service(HttpServlet.java:728)
	at org.apache.catalina.core.ApplicationFilterChain.internalDoFilter(ApplicationFilterChain.java:305)
	at org.apache.catalina.core.ApplicationFilterChain.doFilter(ApplicationFilterChain.java:210)
	at org.apache.catalina.core.ApplicationDispatcher.invoke(ApplicationDispatcher.java:749)
	at org.apache.catalina.core.ApplicationDispatcher.doInclude(ApplicationDispatcher.java:605)
	at org.apache.catalina.core.ApplicationDispatcher.include(ApplicationDispatcher.java:544)
	at org.apache.catalina.core.StandardHostValve.custom(StandardHostValve.java:461)
	at org.apache.catalina.core.StandardHostValve.throwable(StandardHostValve.java:412)
	at org.apache.catalina.core.StandardHostValve.invoke(StandardHostValve.java:201)
	at org.apache.catalina.valves.ErrorReportValve.invoke(ErrorReportValve.java:99)
	at org.apache.catalina.valves.AccessLogValve.invoke(AccessLogValve.java:953)
	at org.apache.catalina.core.StandardEngineValve.invoke(StandardEngineValve.java:118)
	at org.apache.catalina.connector.CoyoteAdapter.service(CoyoteAdapter.java:408)
	at org.apache.coyote.http11.AbstractHttp11Processor.process(AbstractHttp11Processor.java:1023)
	at org.apache.coyote.AbstractProtocol$AbstractConnectionHandler.process(AbstractProtocol.java:589)
	at org.apache.tomcat.util.net.JIoEndpoint$SocketProcessor.run(JIoEndpoint.java:310)
	at java.util.concurrent.ThreadPoolExecutor.runWorker(Unknown Source)
	at java.util.concurrent.ThreadPoolExecutor$Worker.run(Unknown Source)
	at java.lang.Thread.run(Unknown Source)

Aug 28, 2014 6:02:42 PM org.apache.catalina.core.StandardHostValve custom
SEVERE: Exception Processing ErrorPage[exceptionType=java.lang.Throwable, location=/oops]
javax.servlet.ServletException: java.lang.NullPointerException
	at org.kohsuke.stapler.Stapler.tryInvoke(Stapler.java:778)
	at org.kohsuke.stapler.Stapler.invoke(Stapler.java:858)
	at org.kohsuke.stapler.MetaClass$6.doDispatch(MetaClass.java:248)
	at org.kohsuke.stapler.NameBasedDispatcher.dispatch(NameBasedDispatcher.java:53)
	at org.kohsuke.stapler.Stapler.tryInvoke(Stapler.java:728)
	at org.kohsuke.stapler.Stapler.invoke(Stapler.java:858)
	at org.kohsuke.stapler.Stapler.invoke(Stapler.java:631)
	at org.kohsuke.stapler.Stapler.service(Stapler.java:225)
	at javax.servlet.http.HttpServlet.service(HttpServlet.java:728)
	at org.apache.catalina.core.ApplicationFilterChain.internalDoFilter(ApplicationFilterChain.java:305)
	at org.apache.catalina.core.ApplicationFilterChain.doFilter(ApplicationFilterChain.java:210)
	at org.apache.catalina.core.ApplicationDispatcher.invoke(ApplicationDispatcher.java:749)
	at org.apache.catalina.core.ApplicationDispatcher.doInclude(ApplicationDispatcher.java:605)
	at org.apache.catalina.core.ApplicationDispatcher.include(ApplicationDispatcher.java:544)
	at org.apache.catalina.core.StandardHostValve.custom(StandardHostValve.java:461)
	at org.apache.catalina.core.StandardHostValve.throwable(StandardHostValve.java:412)
	at org.apache.catalina.core.StandardHostValve.invoke(StandardHostValve.java:201)
	at org.apache.catalina.valves.ErrorReportValve.invoke(ErrorReportValve.java:99)
	at org.apache.catalina.valves.AccessLogValve.invoke(AccessLogValve.java:953)
	at org.apache.catalina.core.StandardEngineValve.invoke(StandardEngineValve.java:118)
	at org.apache.catalina.connector.CoyoteAdapter.service(CoyoteAdapter.java:408)
	at org.apache.coyote.http11.AbstractHttp11Processor.process(AbstractHttp11Processor.java:1023)
	at org.apache.coyote.AbstractProtocol$AbstractConnectionHandler.process(AbstractProtocol.java:589)
	at org.apache.tomcat.util.net.JIoEndpoint$SocketProcessor.run(JIoEndpoint.java:310)
	at java.util.concurrent.ThreadPoolExecutor.runWorker(Unknown Source)
	at java.util.concurrent.ThreadPoolExecutor$Worker.run(Unknown Source)
	at java.lang.Thread.run(Unknown Source)
Caused by: java.lang.NullPointerException
	at hudson.tasks.ArtifactArchiver.<init>(ArtifactArchiver.java:92)
	at sun.reflect.NativeConstructorAccessorImpl.newInstance0(Native Method)
	at sun.reflect.NativeConstructorAccessorImpl.newInstance(Unknown Source)
	at sun.reflect.DelegatingConstructorAccessorImpl.newInstance(Unknown Source)
	at java.lang.reflect.Constructor.newInstance(Unknown Source)
	at org.kohsuke.stapler.RequestImpl.invokeConstructor(RequestImpl.java:447)
	at org.kohsuke.stapler.RequestImpl.instantiate(RequestImpl.java:690)
	at org.kohsuke.stapler.RequestImpl.access$100(RequestImpl.java:81)
	at org.kohsuke.stapler.RequestImpl$TypePair.convertJSON(RequestImpl.java:587)
	at org.kohsuke.stapler.RequestImpl.bindJSON(RequestImpl.java:400)
	at org.kohsuke.stapler.RequestImpl.bindJSON(RequestImpl.java:396)
	at hudson.tasks.ArtifactArchiver$DescriptorImpl.newInstance(ArtifactArchiver.java:266)
	at hudson.tasks.ArtifactArchiver$DescriptorImpl.newInstance(ArtifactArchiver.java:247)
	at hudson.model.Descriptor.newInstancesFromHeteroList(Descriptor.java:914)
	at hudson.model.Descriptor.newInstancesFromHeteroList(Descriptor.java:899)
	at hudson.util.DescribableList.rebuildHetero(DescribableList.java:203)
	at hudson.model.Project.submit(Project.java:230)
	at hudson.model.Job.doConfigSubmit(Job.java:1154)
	at hudson.model.AbstractProject.doConfigSubmit(AbstractProject.java:773)
	at sun.reflect.NativeMethodAccessorImpl.invoke0(Native Method)
	at sun.reflect.NativeMethodAccessorImpl.invoke(Unknown Source)
	at sun.reflect.DelegatingMethodAccessorImpl.invoke(Unknown Source)
	at java.lang.reflect.Method.invoke(Unknown Source)
	at org.kohsuke.stapler.Function$InstanceFunction.invoke(Function.java:298)
	at org.kohsuke.stapler.Function.bindAndInvoke(Function.java:161)
	at org.kohsuke.stapler.Function.bindAndInvokeAndServeResponse(Function.java:96)
	at org.kohsuke.stapler.MetaClass$1.doDispatch(MetaClass.java:120)
	at org.kohsuke.stapler.NameBasedDispatcher.dispatch(NameBasedDispatcher.java:53)
	at org.kohsuke.stapler.Stapler.tryInvoke(Stapler.java:728)
	... 26 more

