Jun 22, 2014 1:50:05 PM winstone.Logger logInternal
INFO: Beginning extraction from war file
Jun 22, 2014 1:57:29 PM org.eclipse.jetty.util.log.JavaUtilLog info
INFO: jetty-8.y.z-SNAPSHOT
Jun 22, 2014 1:57:54 PM org.eclipse.jetty.util.log.JavaUtilLog info
INFO: NO JSP Support for , did not find org.apache.jasper.servlet.JspServlet
Jun 22, 2014 1:58:07 PM org.eclipse.jetty.util.log.JavaUtilLog info
INFO: Started SelectChannelConnector@0.0.0.0:8080
Jun 22, 2014 1:58:07 PM winstone.Logger logInternal
INFO: Winstone Servlet Engine v2.0 running: controlPort=disabled
Jun 22, 2014 1:58:10 PM jenkins.InitReactorRunner$1 onAttained
INFO: Started initialization
Jun 22, 2014 2:03:30 PM jenkins.InitReactorRunner$1 onAttained
INFO: Listed all plugins
Jun 22, 2014 2:03:33 PM jenkins.InitReactorRunner$1 onAttained
INFO: Prepared all plugins
Jun 22, 2014 2:03:34 PM jenkins.InitReactorRunner$1 onAttained
INFO: Started all plugins
Jun 22, 2014 2:03:35 PM jenkins.InitReactorRunner$1 onAttained
INFO: Augmented all extensions
Jun 22, 2014 2:03:35 PM jenkins.InitReactorRunner$1 onAttained
INFO: Loaded all jobs
Jun 22, 2014 2:04:27 PM org.jenkinsci.main.modules.sshd.SSHD start
INFO: Started SSHD at port 1956
Jun 22, 2014 2:04:27 PM jenkins.InitReactorRunner$1 onAttained
INFO: Completed initialization
Jun 22, 2014 2:04:27 PM hudson.TcpSlaveAgentListener <init>
INFO: JNLP slave agent listener started on TCP port 1957
Jun 22, 2014 2:04:29 PM hudson.WebAppMain$3 run
INFO: Jenkins is fully up and running
Jun 26, 2014 6:41:56 PM winstone.Logger logInternal
INFO: Beginning extraction from war file
Jun 26, 2014 6:41:57 PM org.eclipse.jetty.util.log.JavaUtilLog info
INFO: jetty-8.y.z-SNAPSHOT
Jun 26, 2014 6:42:26 PM org.eclipse.jetty.util.log.JavaUtilLog info
INFO: NO JSP Support for , did not find org.apache.jasper.servlet.JspServlet
Jun 26, 2014 6:42:31 PM jenkins.InitReactorRunner$1 onAttained
INFO: Started initialization
Jun 26, 2014 6:42:32 PM org.eclipse.jetty.util.log.JavaUtilLog info
INFO: Started SelectChannelConnector@0.0.0.0:8080
Jun 26, 2014 6:42:32 PM winstone.Logger logInternal
INFO: Winstone Servlet Engine v2.0 running: controlPort=disabled
Jun 26, 2014 6:42:45 PM jenkins.InitReactorRunner$1 onAttained
INFO: Listed all plugins
Jun 26, 2014 6:42:45 PM jenkins.InitReactorRunner$1 onAttained
INFO: Prepared all plugins
Jun 26, 2014 6:42:45 PM jenkins.InitReactorRunner$1 onAttained
INFO: Started all plugins
Jun 26, 2014 6:42:46 PM jenkins.InitReactorRunner$1 onAttained
INFO: Augmented all extensions
Jun 26, 2014 6:42:46 PM jenkins.InitReactorRunner$1 onAttained
INFO: Loaded all jobs
Jun 26, 2014 6:43:05 PM org.jenkinsci.main.modules.sshd.SSHD start
INFO: Started SSHD at port 1050
Jun 26, 2014 6:43:06 PM jenkins.InitReactorRunner$1 onAttained
INFO: Completed initialization
Jun 26, 2014 6:43:06 PM hudson.TcpSlaveAgentListener <init>
INFO: JNLP slave agent listener started on TCP port 1051
Jun 26, 2014 6:43:06 PM hudson.WebAppMain$3 run
INFO: Jenkins is fully up and running
Jun 26, 2014 7:39:13 PM winstone.Logger logInternal
INFO: Beginning extraction from war file
Jun 26, 2014 7:39:13 PM org.eclipse.jetty.util.log.JavaUtilLog info
INFO: jetty-8.y.z-SNAPSHOT
Jun 26, 2014 7:39:29 PM org.eclipse.jetty.util.log.JavaUtilLog info
INFO: NO JSP Support for , did not find org.apache.jasper.servlet.JspServlet
Jun 26, 2014 7:39:32 PM org.eclipse.jetty.util.log.JavaUtilLog info
INFO: Started SelectChannelConnector@0.0.0.0:8080
Jun 26, 2014 7:39:32 PM winstone.Logger logInternal
INFO: Winstone Servlet Engine v2.0 running: controlPort=disabled
Jun 26, 2014 7:39:33 PM jenkins.InitReactorRunner$1 onAttained
INFO: Started initialization
Jun 26, 2014 7:39:49 PM jenkins.InitReactorRunner$1 onAttained
INFO: Listed all plugins
Jun 26, 2014 7:39:50 PM jenkins.InitReactorRunner$1 onAttained
INFO: Prepared all plugins
Jun 26, 2014 7:39:50 PM jenkins.InitReactorRunner$1 onAttained
INFO: Started all plugins
Jun 26, 2014 7:39:51 PM jenkins.InitReactorRunner$1 onAttained
INFO: Augmented all extensions
Jun 26, 2014 7:39:51 PM jenkins.InitReactorRunner$1 onAttained
INFO: Loaded all jobs
Jun 26, 2014 7:40:13 PM org.jenkinsci.main.modules.sshd.SSHD start
INFO: Started SSHD at port 1045
Jun 26, 2014 7:40:13 PM jenkins.InitReactorRunner$1 onAttained
INFO: Completed initialization
Jun 26, 2014 7:40:13 PM hudson.TcpSlaveAgentListener <init>
INFO: JNLP slave agent listener started on TCP port 1046
Jun 26, 2014 7:40:13 PM hudson.WebAppMain$3 run
INFO: Jenkins is fully up and running
Jun 26, 2014 10:31:24 PM hudson.model.AsyncPeriodicWork$1 run
INFO: Started Fingerprint cleanup
Jun 26, 2014 10:31:28 PM hudson.model.FingerprintCleanupThread execute
INFO: Cleaned up 0 records
Jun 26, 2014 10:31:28 PM hudson.model.AsyncPeriodicWork$1 run
INFO: Finished Fingerprint cleanup. 516 ms
Jun 26, 2014 10:56:25 PM org.eclipse.jetty.util.log.JavaUtilLog warn
WARNING: Ignoring extra content 



    
    
Jun 28, 2014 12:12:48 PM winstone.Logger logInternal
INFO: Beginning extraction from war file
Jun 28, 2014 12:12:49 PM org.eclipse.jetty.util.log.JavaUtilLog info
INFO: jetty-8.y.z-SNAPSHOT
Jun 28, 2014 12:13:02 PM org.eclipse.jetty.util.log.JavaUtilLog info
INFO: NO JSP Support for , did not find org.apache.jasper.servlet.JspServlet
Jun 28, 2014 12:13:05 PM org.eclipse.jetty.util.log.JavaUtilLog info
INFO: Started SelectChannelConnector@0.0.0.0:8080
Jun 28, 2014 12:13:05 PM winstone.Logger logInternal
INFO: Winstone Servlet Engine v2.0 running: controlPort=disabled
Jun 28, 2014 12:13:06 PM jenkins.InitReactorRunner$1 onAttained
INFO: Started initialization
Jun 28, 2014 12:13:10 PM jenkins.InitReactorRunner$1 onAttained
INFO: Listed all plugins
Jun 28, 2014 12:13:10 PM jenkins.InitReactorRunner$1 onAttained
INFO: Prepared all plugins
Jun 28, 2014 12:13:11 PM jenkins.InitReactorRunner$1 onAttained
INFO: Started all plugins
Jun 28, 2014 12:13:11 PM jenkins.InitReactorRunner$1 onAttained
INFO: Augmented all extensions
Jun 28, 2014 12:13:11 PM jenkins.InitReactorRunner$1 onAttained
INFO: Loaded all jobs
Jun 28, 2014 12:13:34 PM org.jenkinsci.main.modules.sshd.SSHD start
INFO: Started SSHD at port 1045
Jun 28, 2014 12:13:34 PM jenkins.InitReactorRunner$1 onAttained
INFO: Completed initialization
Jun 28, 2014 12:13:34 PM hudson.TcpSlaveAgentListener <init>
INFO: JNLP slave agent listener started on TCP port 1046
Jun 28, 2014 12:13:35 PM hudson.WebAppMain$3 run
INFO: Jenkins is fully up and running
Jun 30, 2014 5:14:02 PM winstone.Logger logInternal
INFO: Beginning extraction from war file
Jun 30, 2014 5:14:02 PM org.eclipse.jetty.util.log.JavaUtilLog info
INFO: jetty-8.y.z-SNAPSHOT
Jun 30, 2014 5:14:08 PM org.eclipse.jetty.util.log.JavaUtilLog info
INFO: NO JSP Support for , did not find org.apache.jasper.servlet.JspServlet
Jun 30, 2014 5:14:12 PM jenkins.InitReactorRunner$1 onAttained
INFO: Started initialization
Jun 30, 2014 5:14:13 PM org.eclipse.jetty.util.log.JavaUtilLog info
INFO: Started SelectChannelConnector@0.0.0.0:8080
Jun 30, 2014 5:14:13 PM winstone.Logger logInternal
INFO: Winstone Servlet Engine v2.0 running: controlPort=disabled
Jun 30, 2014 5:14:15 PM jenkins.InitReactorRunner$1 onAttained
INFO: Listed all plugins
Jun 30, 2014 5:14:16 PM jenkins.InitReactorRunner$1 onAttained
INFO: Prepared all plugins
Jun 30, 2014 5:14:16 PM jenkins.InitReactorRunner$1 onAttained
INFO: Started all plugins
Jun 30, 2014 5:14:16 PM jenkins.InitReactorRunner$1 onAttained
INFO: Augmented all extensions
Jun 30, 2014 5:14:16 PM jenkins.InitReactorRunner$1 onAttained
INFO: Loaded all jobs
Jun 30, 2014 5:14:35 PM org.jenkinsci.main.modules.sshd.SSHD start
INFO: Started SSHD at port 1041
Jun 30, 2014 5:14:35 PM jenkins.InitReactorRunner$1 onAttained
INFO: Completed initialization
Jun 30, 2014 5:14:35 PM hudson.TcpSlaveAgentListener <init>
INFO: JNLP slave agent listener started on TCP port 1042
Jun 30, 2014 5:14:35 PM hudson.UDPBroadcastThread run
WARNING: UDP handling problem
java.net.SocketException: error setting options
	at java.net.TwoStacksPlainDatagramSocketImpl.join(Native Method)
	at java.net.AbstractPlainDatagramSocketImpl.join(Unknown Source)
	at java.net.MulticastSocket.joinGroup(Unknown Source)
	at hudson.UDPBroadcastThread.run(UDPBroadcastThread.java:76)

Jun 30, 2014 5:14:36 PM hudson.WebAppMain$3 run
INFO: Jenkins is fully up and running
Jun 30, 2014 5:14:38 PM hudson.DNSMultiCast$1 call
WARNING: Failed to advertise the service to DNS multi-cast
java.net.SocketException: error setting options
	at java.net.TwoStacksPlainDatagramSocketImpl.join(Native Method)
	at java.net.AbstractPlainDatagramSocketImpl.join(Unknown Source)
	at java.net.MulticastSocket.joinGroup(Unknown Source)
	at javax.jmdns.impl.JmDNSImpl.openMulticastSocket(JmDNSImpl.java:459)
	at javax.jmdns.impl.JmDNSImpl.<init>(JmDNSImpl.java:420)
	at javax.jmdns.JmDNS.create(JmDNS.java:60)
	at hudson.DNSMultiCast$1.call(DNSMultiCast.java:32)
	at jenkins.util.ContextResettingExecutorService$2.call(ContextResettingExecutorService.java:46)
	at java.util.concurrent.FutureTask$Sync.innerRun(Unknown Source)
	at java.util.concurrent.FutureTask.run(Unknown Source)
	at java.util.concurrent.ThreadPoolExecutor.runWorker(Unknown Source)
	at java.util.concurrent.ThreadPoolExecutor$Worker.run(Unknown Source)
	at java.lang.Thread.run(Unknown Source)

Jun 30, 2014 7:48:30 PM hudson.model.AsyncPeriodicWork$1 run
INFO: Started Workspace clean-up
Jun 30, 2014 7:48:33 PM hudson.model.AsyncPeriodicWork$1 run
INFO: Finished Workspace clean-up. 734 ms
Jul 04, 2014 4:13:10 PM winstone.Logger logInternal
INFO: Beginning extraction from war file
Jul 04, 2014 4:13:10 PM org.eclipse.jetty.util.log.JavaUtilLog info
INFO: jetty-8.y.z-SNAPSHOT
Jul 04, 2014 4:13:18 PM org.eclipse.jetty.util.log.JavaUtilLog info
INFO: NO JSP Support for , did not find org.apache.jasper.servlet.JspServlet
Jul 04, 2014 4:13:24 PM jenkins.InitReactorRunner$1 onAttained
INFO: Started initialization
Jul 04, 2014 4:13:24 PM org.eclipse.jetty.util.log.JavaUtilLog info
INFO: Started SelectChannelConnector@0.0.0.0:8080
Jul 04, 2014 4:13:24 PM winstone.Logger logInternal
INFO: Winstone Servlet Engine v2.0 running: controlPort=disabled
Jul 04, 2014 4:13:28 PM jenkins.InitReactorRunner$1 onAttained
INFO: Listed all plugins
Jul 04, 2014 4:13:28 PM jenkins.InitReactorRunner$1 onAttained
INFO: Prepared all plugins
Jul 04, 2014 4:13:28 PM jenkins.InitReactorRunner$1 onAttained
INFO: Started all plugins
Jul 04, 2014 4:13:28 PM jenkins.InitReactorRunner$1 onAttained
INFO: Augmented all extensions
Jul 04, 2014 4:13:28 PM jenkins.InitReactorRunner$1 onAttained
INFO: Loaded all jobs
Jul 04, 2014 4:13:49 PM org.jenkinsci.main.modules.sshd.SSHD start
INFO: Started SSHD at port 1045
Jul 04, 2014 4:13:50 PM jenkins.InitReactorRunner$1 onAttained
INFO: Completed initialization
Jul 04, 2014 4:13:50 PM hudson.TcpSlaveAgentListener <init>
INFO: JNLP slave agent listener started on TCP port 1046
Jul 04, 2014 4:13:50 PM hudson.WebAppMain$3 run
INFO: Jenkins is fully up and running
Jul 04, 2014 4:15:47 PM winstone.Logger logInternal
INFO: Beginning extraction from war file
Jul 04, 2014 4:15:47 PM org.eclipse.jetty.util.log.JavaUtilLog info
INFO: jetty-8.y.z-SNAPSHOT
Jul 04, 2014 4:15:54 PM org.eclipse.jetty.util.log.JavaUtilLog info
INFO: NO JSP Support for , did not find org.apache.jasper.servlet.JspServlet
Jul 04, 2014 4:15:58 PM jenkins.InitReactorRunner$1 onAttained
INFO: Started initialization
Jul 04, 2014 4:15:58 PM org.eclipse.jetty.util.log.JavaUtilLog info
INFO: Started SelectChannelConnector@0.0.0.0:8080
Jul 04, 2014 4:15:58 PM winstone.Logger logInternal
INFO: Winstone Servlet Engine v2.0 running: controlPort=disabled
Jul 04, 2014 4:16:00 PM jenkins.InitReactorRunner$1 onAttained
INFO: Listed all plugins
Jul 04, 2014 4:16:00 PM jenkins.InitReactorRunner$1 onAttained
INFO: Prepared all plugins
Jul 04, 2014 4:16:00 PM jenkins.InitReactorRunner$1 onAttained
INFO: Started all plugins
Jul 04, 2014 4:16:00 PM jenkins.InitReactorRunner$1 onAttained
INFO: Augmented all extensions
Jul 04, 2014 4:16:00 PM jenkins.InitReactorRunner$1 onAttained
INFO: Loaded all jobs
Jul 04, 2014 4:16:18 PM org.jenkinsci.main.modules.sshd.SSHD start
INFO: Started SSHD at port 1044
Jul 04, 2014 4:16:18 PM jenkins.InitReactorRunner$1 onAttained
INFO: Completed initialization
Jul 04, 2014 4:16:18 PM hudson.TcpSlaveAgentListener <init>
INFO: JNLP slave agent listener started on TCP port 1045
Jul 04, 2014 4:16:18 PM hudson.WebAppMain$3 run
INFO: Jenkins is fully up and running
Jul 04, 2014 4:19:40 PM winstone.Logger logInternal
INFO: Beginning extraction from war file
Jul 04, 2014 4:19:40 PM org.eclipse.jetty.util.log.JavaUtilLog info
INFO: jetty-8.y.z-SNAPSHOT
Jul 04, 2014 4:19:46 PM org.eclipse.jetty.util.log.JavaUtilLog info
INFO: NO JSP Support for , did not find org.apache.jasper.servlet.JspServlet
Jul 04, 2014 4:19:52 PM jenkins.InitReactorRunner$1 onAttained
INFO: Started initialization
Jul 04, 2014 4:19:53 PM org.eclipse.jetty.util.log.JavaUtilLog info
INFO: Started SelectChannelConnector@0.0.0.0:8080
Jul 04, 2014 4:19:53 PM winstone.Logger logInternal
INFO: Winstone Servlet Engine v2.0 running: controlPort=disabled
Jul 04, 2014 4:19:54 PM jenkins.InitReactorRunner$1 onAttained
INFO: Listed all plugins
Jul 04, 2014 4:19:54 PM jenkins.InitReactorRunner$1 onAttained
INFO: Prepared all plugins
Jul 04, 2014 4:19:54 PM jenkins.InitReactorRunner$1 onAttained
INFO: Started all plugins
Jul 04, 2014 4:19:54 PM jenkins.InitReactorRunner$1 onAttained
INFO: Augmented all extensions
Jul 04, 2014 4:19:54 PM jenkins.InitReactorRunner$1 onAttained
INFO: Loaded all jobs
Jul 04, 2014 4:20:13 PM org.jenkinsci.main.modules.sshd.SSHD start
INFO: Started SSHD at port 1042
Jul 04, 2014 4:20:13 PM jenkins.InitReactorRunner$1 onAttained
INFO: Completed initialization
Jul 04, 2014 4:20:13 PM hudson.TcpSlaveAgentListener <init>
INFO: JNLP slave agent listener started on TCP port 1043
Jul 04, 2014 4:20:13 PM hudson.WebAppMain$3 run
INFO: Jenkins is fully up and running
Jul 04, 2014 5:09:26 PM winstone.Logger logInternal
INFO: Beginning extraction from war file
Jul 04, 2014 5:09:26 PM org.eclipse.jetty.util.log.JavaUtilLog info
INFO: jetty-8.y.z-SNAPSHOT
Jul 04, 2014 5:09:39 PM org.eclipse.jetty.util.log.JavaUtilLog info
INFO: NO JSP Support for , did not find org.apache.jasper.servlet.JspServlet
Jul 04, 2014 5:09:41 PM org.eclipse.jetty.util.log.JavaUtilLog info
INFO: Started SelectChannelConnector@0.0.0.0:8080
Jul 04, 2014 5:09:41 PM winstone.Logger logInternal
INFO: Winstone Servlet Engine v2.0 running: controlPort=disabled
Jul 04, 2014 5:09:42 PM jenkins.InitReactorRunner$1 onAttained
INFO: Started initialization
Jul 04, 2014 5:09:43 PM jenkins.InitReactorRunner$1 onAttained
INFO: Listed all plugins
Jul 04, 2014 5:09:44 PM jenkins.InitReactorRunner$1 onAttained
INFO: Prepared all plugins
Jul 04, 2014 5:09:44 PM jenkins.InitReactorRunner$1 onAttained
INFO: Started all plugins
Jul 04, 2014 5:09:44 PM jenkins.InitReactorRunner$1 onAttained
INFO: Augmented all extensions
Jul 04, 2014 5:09:44 PM jenkins.InitReactorRunner$1 onAttained
INFO: Loaded all jobs
Jul 04, 2014 5:10:14 PM org.jenkinsci.main.modules.sshd.SSHD start
INFO: Started SSHD at port 1043
Jul 04, 2014 5:10:14 PM jenkins.InitReactorRunner$1 onAttained
INFO: Completed initialization
Jul 04, 2014 5:10:14 PM hudson.TcpSlaveAgentListener <init>
INFO: JNLP slave agent listener started on TCP port 1044
Jul 04, 2014 5:10:14 PM hudson.WebAppMain$3 run
INFO: Jenkins is fully up and running
Jul 11, 2014 8:43:40 PM winstone.Logger logInternal
INFO: Beginning extraction from war file
Jul 11, 2014 8:43:40 PM org.eclipse.jetty.util.log.JavaUtilLog info
INFO: jetty-8.y.z-SNAPSHOT
Jul 11, 2014 8:43:55 PM org.eclipse.jetty.util.log.JavaUtilLog info
INFO: NO JSP Support for , did not find org.apache.jasper.servlet.JspServlet
Jul 11, 2014 8:49:55 PM winstone.Logger logInternal
INFO: Beginning extraction from war file
Jul 11, 2014 8:49:56 PM org.eclipse.jetty.util.log.JavaUtilLog info
INFO: jetty-8.y.z-SNAPSHOT
Jul 11, 2014 8:50:14 PM org.eclipse.jetty.util.log.JavaUtilLog info
INFO: NO JSP Support for , did not find org.apache.jasper.servlet.JspServlet
Jul 11, 2014 8:50:17 PM org.eclipse.jetty.util.log.JavaUtilLog info
INFO: Started SelectChannelConnector@0.0.0.0:8080
Jul 11, 2014 8:50:17 PM winstone.Logger logInternal
INFO: Winstone Servlet Engine v2.0 running: controlPort=disabled
Jul 11, 2014 8:50:17 PM jenkins.InitReactorRunner$1 onAttained
INFO: Started initialization
Jul 11, 2014 8:50:27 PM jenkins.InitReactorRunner$1 onAttained
INFO: Listed all plugins
Jul 11, 2014 8:50:28 PM jenkins.InitReactorRunner$1 onAttained
INFO: Prepared all plugins
Jul 11, 2014 8:50:28 PM jenkins.InitReactorRunner$1 onAttained
INFO: Started all plugins
Jul 11, 2014 8:50:28 PM jenkins.InitReactorRunner$1 onAttained
INFO: Augmented all extensions
Jul 11, 2014 8:50:28 PM jenkins.InitReactorRunner$1 onAttained
INFO: Loaded all jobs
Jul 11, 2014 8:50:40 PM org.jenkinsci.main.modules.sshd.SSHD start
INFO: Started SSHD at port 1039
Jul 11, 2014 8:50:40 PM jenkins.InitReactorRunner$1 onAttained
INFO: Completed initialization
Jul 11, 2014 8:50:40 PM hudson.TcpSlaveAgentListener <init>
INFO: JNLP slave agent listener started on TCP port 1040
Jul 11, 2014 8:50:40 PM hudson.UDPBroadcastThread run
WARNING: UDP handling problem
java.net.SocketException: error setting options
	at java.net.TwoStacksPlainDatagramSocketImpl.join(Native Method)
	at java.net.AbstractPlainDatagramSocketImpl.join(Unknown Source)
	at java.net.MulticastSocket.joinGroup(Unknown Source)
	at hudson.UDPBroadcastThread.run(UDPBroadcastThread.java:76)

Jul 11, 2014 8:50:40 PM hudson.WebAppMain$3 run
INFO: Jenkins is fully up and running
Jul 11, 2014 8:57:44 PM winstone.Logger logInternal
INFO: Beginning extraction from war file
Jul 11, 2014 8:57:45 PM org.eclipse.jetty.util.log.JavaUtilLog info
INFO: jetty-8.y.z-SNAPSHOT
Jul 11, 2014 8:58:04 PM org.eclipse.jetty.util.log.JavaUtilLog info
INFO: NO JSP Support for , did not find org.apache.jasper.servlet.JspServlet
Jul 11, 2014 8:58:08 PM org.eclipse.jetty.util.log.JavaUtilLog info
INFO: Started SelectChannelConnector@0.0.0.0:8080
Jul 11, 2014 8:58:08 PM winstone.Logger logInternal
INFO: Winstone Servlet Engine v2.0 running: controlPort=disabled
Jul 11, 2014 8:58:08 PM jenkins.InitReactorRunner$1 onAttained
INFO: Started initialization
Jul 11, 2014 8:58:18 PM jenkins.InitReactorRunner$1 onAttained
INFO: Listed all plugins
Jul 11, 2014 8:58:18 PM jenkins.InitReactorRunner$1 onAttained
INFO: Prepared all plugins
Jul 11, 2014 8:58:18 PM jenkins.InitReactorRunner$1 onAttained
INFO: Started all plugins
Jul 11, 2014 8:58:18 PM jenkins.InitReactorRunner$1 onAttained
INFO: Augmented all extensions
Jul 11, 2014 8:58:18 PM jenkins.InitReactorRunner$1 onAttained
INFO: Loaded all jobs
Jul 11, 2014 8:58:29 PM org.jenkinsci.main.modules.sshd.SSHD start
INFO: Started SSHD at port 1039
Jul 11, 2014 8:58:29 PM jenkins.InitReactorRunner$1 onAttained
INFO: Completed initialization
Jul 11, 2014 8:58:29 PM hudson.TcpSlaveAgentListener <init>
INFO: JNLP slave agent listener started on TCP port 1040
Jul 11, 2014 8:58:29 PM hudson.UDPBroadcastThread run
WARNING: UDP handling problem
java.net.SocketException: error setting options
	at java.net.TwoStacksPlainDatagramSocketImpl.join(Native Method)
	at java.net.AbstractPlainDatagramSocketImpl.join(Unknown Source)
	at java.net.MulticastSocket.joinGroup(Unknown Source)
	at hudson.UDPBroadcastThread.run(UDPBroadcastThread.java:76)

Jul 11, 2014 8:58:29 PM hudson.WebAppMain$3 run
INFO: Jenkins is fully up and running
Jul 21, 2014 6:32:11 PM winstone.Logger logInternal
INFO: Beginning extraction from war file
Jul 21, 2014 6:32:11 PM org.eclipse.jetty.util.log.JavaUtilLog info
INFO: jetty-8.y.z-SNAPSHOT
Jul 21, 2014 6:32:23 PM org.eclipse.jetty.util.log.JavaUtilLog info
INFO: NO JSP Support for , did not find org.apache.jasper.servlet.JspServlet
Jul 21, 2014 6:32:26 PM org.eclipse.jetty.util.log.JavaUtilLog info
INFO: Started SelectChannelConnector@0.0.0.0:8080
Jul 21, 2014 6:32:26 PM winstone.Logger logInternal
INFO: Winstone Servlet Engine v2.0 running: controlPort=disabled
Jul 21, 2014 6:32:26 PM jenkins.InitReactorRunner$1 onAttained
INFO: Started initialization
Jul 21, 2014 6:32:34 PM jenkins.InitReactorRunner$1 onAttained
INFO: Listed all plugins
Jul 21, 2014 6:32:34 PM jenkins.InitReactorRunner$1 onAttained
INFO: Prepared all plugins
Jul 21, 2014 6:32:34 PM jenkins.InitReactorRunner$1 onAttained
INFO: Started all plugins
Jul 21, 2014 6:32:34 PM jenkins.InitReactorRunner$1 onAttained
INFO: Augmented all extensions
Jul 21, 2014 6:32:34 PM jenkins.InitReactorRunner$1 onAttained
INFO: Loaded all jobs
Jul 21, 2014 6:32:40 PM org.jenkinsci.main.modules.sshd.SSHD start
INFO: Started SSHD at port 1046
Jul 21, 2014 6:32:42 PM jenkins.InitReactorRunner$1 onAttained
INFO: Completed initialization
Jul 21, 2014 6:32:42 PM hudson.TcpSlaveAgentListener <init>
INFO: JNLP slave agent listener started on TCP port 1047
Jul 21, 2014 6:32:42 PM hudson.WebAppMain$3 run
INFO: Jenkins is fully up and running
Jul 21, 2014 8:18:01 PM hudson.model.AsyncPeriodicWork$1 run
INFO: Started Out of order build detection
Jul 21, 2014 8:18:01 PM hudson.model.AsyncPeriodicWork$1 run
INFO: Finished Out of order build detection. 94 ms
Jul 22, 2014 6:07:02 PM winstone.Logger logInternal
INFO: Beginning extraction from war file
Jul 22, 2014 6:07:02 PM org.eclipse.jetty.util.log.JavaUtilLog info
INFO: jetty-8.y.z-SNAPSHOT
Jul 22, 2014 6:07:15 PM org.eclipse.jetty.util.log.JavaUtilLog info
INFO: NO JSP Support for , did not find org.apache.jasper.servlet.JspServlet
Jul 22, 2014 6:07:21 PM org.eclipse.jetty.util.log.JavaUtilLog info
INFO: Started SelectChannelConnector@0.0.0.0:8080
Jul 22, 2014 6:07:21 PM winstone.Logger logInternal
INFO: Winstone Servlet Engine v2.0 running: controlPort=disabled
Jul 22, 2014 6:07:21 PM jenkins.InitReactorRunner$1 onAttained
INFO: Started initialization
Jul 22, 2014 6:07:31 PM jenkins.InitReactorRunner$1 onAttained
INFO: Listed all plugins
Jul 22, 2014 6:07:31 PM jenkins.InitReactorRunner$1 onAttained
INFO: Prepared all plugins
Jul 22, 2014 6:07:31 PM jenkins.InitReactorRunner$1 onAttained
INFO: Started all plugins
Jul 22, 2014 6:07:31 PM jenkins.InitReactorRunner$1 onAttained
INFO: Augmented all extensions
Jul 22, 2014 6:07:31 PM jenkins.InitReactorRunner$1 onAttained
INFO: Loaded all jobs
Jul 22, 2014 6:07:53 PM org.jenkinsci.main.modules.sshd.SSHD start
INFO: Started SSHD at port 1054
Jul 22, 2014 6:07:53 PM jenkins.InitReactorRunner$1 onAttained
INFO: Completed initialization
Jul 22, 2014 6:07:53 PM hudson.TcpSlaveAgentListener <init>
INFO: JNLP slave agent listener started on TCP port 1055
Jul 22, 2014 6:07:53 PM hudson.WebAppMain$3 run
INFO: Jenkins is fully up and running
Jul 26, 2014 3:05:17 PM winstone.Logger logInternal
INFO: Beginning extraction from war file
Jul 26, 2014 3:05:17 PM org.eclipse.jetty.util.log.JavaUtilLog info
INFO: jetty-8.y.z-SNAPSHOT
Jul 26, 2014 3:05:29 PM org.eclipse.jetty.util.log.JavaUtilLog info
INFO: NO JSP Support for , did not find org.apache.jasper.servlet.JspServlet
Jul 26, 2014 3:05:32 PM org.eclipse.jetty.util.log.JavaUtilLog info
INFO: Started SelectChannelConnector@0.0.0.0:8080
Jul 26, 2014 3:05:32 PM winstone.Logger logInternal
INFO: Winstone Servlet Engine v2.0 running: controlPort=disabled
Jul 26, 2014 3:05:33 PM jenkins.InitReactorRunner$1 onAttained
INFO: Started initialization
Jul 26, 2014 3:05:41 PM jenkins.InitReactorRunner$1 onAttained
INFO: Listed all plugins
Jul 26, 2014 3:05:41 PM jenkins.InitReactorRunner$1 onAttained
INFO: Prepared all plugins
Jul 26, 2014 3:05:41 PM jenkins.InitReactorRunner$1 onAttained
INFO: Started all plugins
Jul 26, 2014 3:05:41 PM jenkins.InitReactorRunner$1 onAttained
INFO: Augmented all extensions
Jul 26, 2014 3:05:41 PM jenkins.InitReactorRunner$1 onAttained
INFO: Loaded all jobs
Jul 26, 2014 3:05:49 PM org.jenkinsci.main.modules.sshd.SSHD start
INFO: Started SSHD at port 1051
Jul 26, 2014 3:05:49 PM jenkins.InitReactorRunner$1 onAttained
INFO: Completed initialization
Jul 26, 2014 3:05:49 PM hudson.TcpSlaveAgentListener <init>
INFO: JNLP slave agent listener started on TCP port 1052
Jul 26, 2014 3:05:49 PM hudson.WebAppMain$3 run
INFO: Jenkins is fully up and running
Jul 26, 2014 4:06:53 PM hudson.node_monitors.AbstractAsyncNodeMonitorDescriptor monitor
WARNING: Failed to monitor master for Free Swap Space
java.util.concurrent.TimeoutException
	at java.util.concurrent.FutureTask$Sync.innerGet(Unknown Source)
	at java.util.concurrent.FutureTask.get(Unknown Source)
	at hudson.remoting.LocalChannel$2.get(LocalChannel.java:81)
	at hudson.node_monitors.AbstractAsyncNodeMonitorDescriptor.monitor(AbstractAsyncNodeMonitorDescriptor.java:97)
	at hudson.node_monitors.AbstractNodeMonitorDescriptor$Record.run(AbstractNodeMonitorDescriptor.java:280)

Jul 26, 2014 5:35:31 PM hudson.model.AsyncPeriodicWork$1 run
INFO: Started Download metadata
Jul 26, 2014 5:35:39 PM hudson.model.AsyncPeriodicWork$1 run
INFO: Finished Download metadata. 2,453 ms
Jul 31, 2014 8:38:07 AM winstone.Logger logInternal
INFO: Beginning extraction from war file
Jul 31, 2014 8:38:07 AM org.eclipse.jetty.util.log.JavaUtilLog info
INFO: jetty-8.y.z-SNAPSHOT
Jul 31, 2014 8:38:20 AM org.eclipse.jetty.util.log.JavaUtilLog info
INFO: NO JSP Support for , did not find org.apache.jasper.servlet.JspServlet
Jul 31, 2014 8:38:23 AM jenkins.InitReactorRunner$1 onAttained
INFO: Started initialization
Jul 31, 2014 8:38:24 AM org.eclipse.jetty.util.log.JavaUtilLog info
INFO: Started SelectChannelConnector@0.0.0.0:8080
Jul 31, 2014 8:38:24 AM winstone.Logger logInternal
INFO: Winstone Servlet Engine v2.0 running: controlPort=disabled
Jul 31, 2014 8:38:32 AM jenkins.InitReactorRunner$1 onAttained
INFO: Listed all plugins
Jul 31, 2014 8:38:32 AM jenkins.InitReactorRunner$1 onAttained
INFO: Prepared all plugins
Jul 31, 2014 8:38:32 AM jenkins.InitReactorRunner$1 onAttained
INFO: Started all plugins
Jul 31, 2014 8:38:32 AM jenkins.InitReactorRunner$1 onAttained
INFO: Augmented all extensions
Jul 31, 2014 8:38:32 AM jenkins.InitReactorRunner$1 onAttained
INFO: Loaded all jobs
Jul 31, 2014 8:38:48 AM org.jenkinsci.main.modules.sshd.SSHD start
INFO: Started SSHD at port 1062
Jul 31, 2014 8:38:48 AM jenkins.InitReactorRunner$1 onAttained
INFO: Completed initialization
Jul 31, 2014 8:38:48 AM hudson.TcpSlaveAgentListener <init>
INFO: JNLP slave agent listener started on TCP port 1063
Jul 31, 2014 8:38:48 AM hudson.WebAppMain$3 run
INFO: Jenkins is fully up and running
Aug 03, 2014 1:39:25 PM winstone.Logger logInternal
INFO: Beginning extraction from war file
Aug 03, 2014 1:39:25 PM org.eclipse.jetty.util.log.JavaUtilLog info
INFO: jetty-8.y.z-SNAPSHOT
Aug 03, 2014 1:39:33 PM org.eclipse.jetty.util.log.JavaUtilLog info
INFO: NO JSP Support for , did not find org.apache.jasper.servlet.JspServlet
Aug 03, 2014 1:39:36 PM org.eclipse.jetty.util.log.JavaUtilLog info
INFO: Started SelectChannelConnector@0.0.0.0:8080
Aug 03, 2014 1:39:36 PM winstone.Logger logInternal
INFO: Winstone Servlet Engine v2.0 running: controlPort=disabled
Aug 03, 2014 1:39:36 PM jenkins.InitReactorRunner$1 onAttained
INFO: Started initialization
Aug 03, 2014 1:39:37 PM jenkins.InitReactorRunner$1 onAttained
INFO: Listed all plugins
Aug 03, 2014 1:39:37 PM jenkins.InitReactorRunner$1 onAttained
INFO: Prepared all plugins
Aug 03, 2014 1:39:37 PM jenkins.InitReactorRunner$1 onAttained
INFO: Started all plugins
Aug 03, 2014 1:39:37 PM jenkins.InitReactorRunner$1 onAttained
INFO: Augmented all extensions
Aug 03, 2014 1:39:37 PM jenkins.InitReactorRunner$1 onAttained
INFO: Loaded all jobs
Aug 03, 2014 1:39:52 PM org.jenkinsci.main.modules.sshd.SSHD start
INFO: Started SSHD at port 1040
Aug 03, 2014 1:39:52 PM jenkins.InitReactorRunner$1 onAttained
INFO: Completed initialization
Aug 03, 2014 1:39:52 PM hudson.TcpSlaveAgentListener <init>
INFO: JNLP slave agent listener started on TCP port 1041
Aug 03, 2014 1:39:53 PM hudson.WebAppMain$3 run
INFO: Jenkins is fully up and running
Aug 03, 2014 2:38:17 PM org.eclipse.jetty.util.log.JavaUtilLog warn
WARNING: Ignoring extra content 



    
    
Aug 03, 2014 6:45:43 PM hudson.model.AsyncPeriodicWork$1 run
INFO: Started Out of order build detection
Aug 03, 2014 6:45:49 PM hudson.model.AsyncPeriodicWork$1 run
INFO: Finished Out of order build detection. 2,141 ms
Aug 10, 2014 4:18:25 PM winstone.Logger logInternal
INFO: Beginning extraction from war file
Aug 10, 2014 4:18:25 PM org.eclipse.jetty.util.log.JavaUtilLog info
INFO: jetty-8.y.z-SNAPSHOT
Aug 10, 2014 4:18:30 PM org.eclipse.jetty.util.log.JavaUtilLog info
INFO: NO JSP Support for , did not find org.apache.jasper.servlet.JspServlet
Aug 10, 2014 4:18:33 PM org.eclipse.jetty.util.log.JavaUtilLog info
INFO: Started SelectChannelConnector@0.0.0.0:8080
Aug 10, 2014 4:18:33 PM winstone.Logger logInternal
INFO: Winstone Servlet Engine v2.0 running: controlPort=disabled
Aug 10, 2014 4:18:33 PM jenkins.InitReactorRunner$1 onAttained
INFO: Started initialization
Aug 10, 2014 4:18:34 PM jenkins.InitReactorRunner$1 onAttained
INFO: Listed all plugins
Aug 10, 2014 4:18:35 PM jenkins.InitReactorRunner$1 onAttained
INFO: Prepared all plugins
Aug 10, 2014 4:18:35 PM jenkins.InitReactorRunner$1 onAttained
INFO: Started all plugins
Aug 10, 2014 4:18:35 PM jenkins.InitReactorRunner$1 onAttained
INFO: Augmented all extensions
Aug 10, 2014 4:18:35 PM jenkins.InitReactorRunner$1 onAttained
INFO: Loaded all jobs
Aug 10, 2014 4:18:41 PM org.jenkinsci.main.modules.sshd.SSHD start
INFO: Started SSHD at port 1039
Aug 10, 2014 4:18:47 PM jenkins.InitReactorRunner$1 onAttained
INFO: Completed initialization
Aug 10, 2014 4:18:47 PM hudson.TcpSlaveAgentListener <init>
INFO: JNLP slave agent listener started on TCP port 1043
Aug 10, 2014 4:18:47 PM hudson.WebAppMain$3 run
INFO: Jenkins is fully up and running
Aug 11, 2014 5:51:59 PM winstone.Logger logInternal
INFO: Beginning extraction from war file
Aug 11, 2014 5:52:00 PM org.eclipse.jetty.util.log.JavaUtilLog info
INFO: jetty-8.y.z-SNAPSHOT
Aug 11, 2014 5:52:11 PM org.eclipse.jetty.util.log.JavaUtilLog info
INFO: NO JSP Support for , did not find org.apache.jasper.servlet.JspServlet
Aug 11, 2014 5:52:13 PM org.eclipse.jetty.util.log.JavaUtilLog info
INFO: Started SelectChannelConnector@0.0.0.0:8080
Aug 11, 2014 5:52:13 PM winstone.Logger logInternal
INFO: Winstone Servlet Engine v2.0 running: controlPort=disabled
Aug 11, 2014 5:52:14 PM jenkins.InitReactorRunner$1 onAttained
INFO: Started initialization
Aug 11, 2014 5:52:21 PM jenkins.InitReactorRunner$1 onAttained
INFO: Listed all plugins
Aug 11, 2014 5:52:21 PM jenkins.InitReactorRunner$1 onAttained
INFO: Prepared all plugins
Aug 11, 2014 5:52:22 PM jenkins.InitReactorRunner$1 onAttained
INFO: Started all plugins
Aug 11, 2014 5:52:22 PM jenkins.InitReactorRunner$1 onAttained
INFO: Augmented all extensions
Aug 11, 2014 5:52:22 PM jenkins.InitReactorRunner$1 onAttained
INFO: Loaded all jobs
Aug 11, 2014 5:52:29 PM org.jenkinsci.main.modules.sshd.SSHD start
INFO: Started SSHD at port 1048
Aug 11, 2014 5:52:29 PM jenkins.InitReactorRunner$1 onAttained
INFO: Completed initialization
Aug 11, 2014 5:52:29 PM hudson.TcpSlaveAgentListener <init>
INFO: JNLP slave agent listener started on TCP port 1049
Aug 11, 2014 5:52:29 PM hudson.WebAppMain$3 run
INFO: Jenkins is fully up and running
Aug 12, 2014 5:59:05 PM winstone.Logger logInternal
INFO: Beginning extraction from war file
Aug 12, 2014 5:59:05 PM org.eclipse.jetty.util.log.JavaUtilLog info
INFO: jetty-8.y.z-SNAPSHOT
Aug 12, 2014 5:59:18 PM org.eclipse.jetty.util.log.JavaUtilLog info
INFO: NO JSP Support for , did not find org.apache.jasper.servlet.JspServlet
Aug 12, 2014 5:59:21 PM org.eclipse.jetty.util.log.JavaUtilLog info
INFO: Started SelectChannelConnector@0.0.0.0:8080
Aug 12, 2014 5:59:21 PM winstone.Logger logInternal
INFO: Winstone Servlet Engine v2.0 running: controlPort=disabled
Aug 12, 2014 5:59:22 PM jenkins.InitReactorRunner$1 onAttained
INFO: Started initialization
Aug 12, 2014 5:59:29 PM jenkins.InitReactorRunner$1 onAttained
INFO: Listed all plugins
Aug 12, 2014 5:59:29 PM jenkins.InitReactorRunner$1 onAttained
INFO: Prepared all plugins
Aug 12, 2014 5:59:29 PM jenkins.InitReactorRunner$1 onAttained
INFO: Started all plugins
Aug 12, 2014 5:59:29 PM jenkins.InitReactorRunner$1 onAttained
INFO: Augmented all extensions
Aug 12, 2014 5:59:30 PM jenkins.InitReactorRunner$1 onAttained
INFO: Loaded all jobs
Aug 12, 2014 5:59:48 PM org.jenkinsci.main.modules.sshd.SSHD start
INFO: Started SSHD at port 1047
Aug 12, 2014 5:59:49 PM jenkins.InitReactorRunner$1 onAttained
INFO: Completed initialization
Aug 12, 2014 5:59:50 PM hudson.TcpSlaveAgentListener <init>
INFO: JNLP slave agent listener started on TCP port 1051
Aug 12, 2014 6:06:05 PM winstone.Logger logInternal
INFO: Beginning extraction from war file
Aug 12, 2014 6:06:05 PM org.eclipse.jetty.util.log.JavaUtilLog info
INFO: jetty-8.y.z-SNAPSHOT
Aug 12, 2014 6:06:16 PM org.eclipse.jetty.util.log.JavaUtilLog info
INFO: NO JSP Support for , did not find org.apache.jasper.servlet.JspServlet
Aug 12, 2014 6:06:19 PM org.eclipse.jetty.util.log.JavaUtilLog info
INFO: Started SelectChannelConnector@0.0.0.0:8080
Aug 12, 2014 6:06:19 PM winstone.Logger logInternal
INFO: Winstone Servlet Engine v2.0 running: controlPort=disabled
Aug 12, 2014 6:06:19 PM jenkins.InitReactorRunner$1 onAttained
INFO: Started initialization
Aug 12, 2014 6:06:26 PM jenkins.InitReactorRunner$1 onAttained
INFO: Listed all plugins
Aug 12, 2014 6:06:26 PM jenkins.InitReactorRunner$1 onAttained
INFO: Prepared all plugins
Aug 12, 2014 6:06:26 PM jenkins.InitReactorRunner$1 onAttained
INFO: Started all plugins
Aug 12, 2014 6:06:27 PM jenkins.InitReactorRunner$1 onAttained
INFO: Augmented all extensions
Aug 12, 2014 6:06:27 PM jenkins.InitReactorRunner$1 onAttained
INFO: Loaded all jobs
Aug 12, 2014 6:15:46 PM winstone.Logger logInternal
INFO: Beginning extraction from war file
Aug 12, 2014 6:15:47 PM org.eclipse.jetty.util.log.JavaUtilLog info
INFO: jetty-8.y.z-SNAPSHOT
Aug 12, 2014 6:16:04 PM org.eclipse.jetty.util.log.JavaUtilLog info
INFO: NO JSP Support for , did not find org.apache.jasper.servlet.JspServlet
Aug 12, 2014 6:16:08 PM org.eclipse.jetty.util.log.JavaUtilLog info
INFO: Started SelectChannelConnector@0.0.0.0:8080
Aug 12, 2014 6:16:08 PM winstone.Logger logInternal
INFO: Winstone Servlet Engine v2.0 running: controlPort=disabled
Aug 12, 2014 6:16:08 PM jenkins.InitReactorRunner$1 onAttained
INFO: Started initialization
Aug 12, 2014 6:16:23 PM jenkins.InitReactorRunner$1 onAttained
INFO: Listed all plugins
Aug 12, 2014 6:16:23 PM jenkins.InitReactorRunner$1 onAttained
INFO: Prepared all plugins
Aug 12, 2014 6:16:23 PM jenkins.InitReactorRunner$1 onAttained
INFO: Started all plugins
Aug 12, 2014 6:16:23 PM jenkins.InitReactorRunner$1 onAttained
INFO: Augmented all extensions
Aug 12, 2014 6:16:23 PM jenkins.InitReactorRunner$1 onAttained
INFO: Loaded all jobs
Aug 12, 2014 6:16:52 PM org.jenkinsci.main.modules.sshd.SSHD start
INFO: Started SSHD at port 1046
Aug 12, 2014 6:16:52 PM jenkins.InitReactorRunner$1 onAttained
INFO: Completed initialization
Aug 12, 2014 6:16:52 PM hudson.TcpSlaveAgentListener <init>
INFO: JNLP slave agent listener started on TCP port 1047
Aug 12, 2014 6:16:53 PM hudson.WebAppMain$3 run
INFO: Jenkins is fully up and running
Aug 12, 2014 6:41:48 PM hudson.model.AsyncPeriodicWork$1 run
INFO: Started Fingerprint cleanup
Aug 12, 2014 6:42:09 PM hudson.model.FingerprintCleanupThread execute
INFO: Cleaned up 0 records
Aug 12, 2014 6:42:10 PM hudson.model.AsyncPeriodicWork$1 run
INFO: Finished Fingerprint cleanup. 8,578 ms
Aug 12, 2014 7:17:16 PM hudson.node_monitors.AbstractAsyncNodeMonitorDescriptor monitor
WARNING: Failed to monitor master for Free Swap Space
java.util.concurrent.TimeoutException
	at java.util.concurrent.FutureTask$Sync.innerGet(Unknown Source)
	at java.util.concurrent.FutureTask.get(Unknown Source)
	at hudson.remoting.LocalChannel$2.get(LocalChannel.java:81)
	at hudson.node_monitors.AbstractAsyncNodeMonitorDescriptor.monitor(AbstractAsyncNodeMonitorDescriptor.java:97)
	at hudson.node_monitors.AbstractNodeMonitorDescriptor$Record.run(AbstractNodeMonitorDescriptor.java:280)

Aug 13, 2014 6:10:48 PM winstone.Logger logInternal
INFO: Beginning extraction from war file
Aug 13, 2014 6:10:48 PM org.eclipse.jetty.util.log.JavaUtilLog info
INFO: jetty-8.y.z-SNAPSHOT
Aug 13, 2014 6:10:59 PM org.eclipse.jetty.util.log.JavaUtilLog info
INFO: NO JSP Support for , did not find org.apache.jasper.servlet.JspServlet
Aug 13, 2014 6:11:02 PM org.eclipse.jetty.util.log.JavaUtilLog info
INFO: Started SelectChannelConnector@0.0.0.0:8080
Aug 13, 2014 6:11:02 PM winstone.Logger logInternal
INFO: Winstone Servlet Engine v2.0 running: controlPort=disabled
Aug 13, 2014 6:11:02 PM jenkins.InitReactorRunner$1 onAttained
INFO: Started initialization
Aug 13, 2014 6:11:10 PM jenkins.InitReactorRunner$1 onAttained
INFO: Listed all plugins
Aug 13, 2014 6:11:10 PM jenkins.InitReactorRunner$1 onAttained
INFO: Prepared all plugins
Aug 13, 2014 6:11:10 PM jenkins.InitReactorRunner$1 onAttained
INFO: Started all plugins
Aug 13, 2014 6:11:10 PM jenkins.InitReactorRunner$1 onAttained
INFO: Augmented all extensions
Aug 13, 2014 6:11:10 PM jenkins.InitReactorRunner$1 onAttained
INFO: Loaded all jobs
Aug 13, 2014 6:11:18 PM org.jenkinsci.main.modules.sshd.SSHD start
INFO: Started SSHD at port 1048
Aug 13, 2014 6:11:18 PM jenkins.InitReactorRunner$1 onAttained
INFO: Completed initialization
Aug 13, 2014 6:11:18 PM hudson.TcpSlaveAgentListener <init>
INFO: JNLP slave agent listener started on TCP port 1049
Aug 13, 2014 6:11:18 PM hudson.WebAppMain$3 run
INFO: Jenkins is fully up and running
Aug 14, 2014 6:54:45 PM winstone.Logger logInternal
INFO: Beginning extraction from war file
Aug 14, 2014 6:54:45 PM org.eclipse.jetty.util.log.JavaUtilLog info
INFO: jetty-8.y.z-SNAPSHOT
Aug 14, 2014 6:55:05 PM org.eclipse.jetty.util.log.JavaUtilLog info
INFO: NO JSP Support for , did not find org.apache.jasper.servlet.JspServlet
Aug 14, 2014 6:55:12 PM org.eclipse.jetty.util.log.JavaUtilLog info
INFO: Started SelectChannelConnector@0.0.0.0:8080
Aug 14, 2014 6:55:12 PM winstone.Logger logInternal
INFO: Winstone Servlet Engine v2.0 running: controlPort=disabled
Aug 14, 2014 6:55:13 PM jenkins.InitReactorRunner$1 onAttained
INFO: Started initialization
Aug 14, 2014 6:55:23 PM jenkins.InitReactorRunner$1 onAttained
INFO: Listed all plugins
Aug 14, 2014 6:55:23 PM jenkins.InitReactorRunner$1 onAttained
INFO: Prepared all plugins
Aug 14, 2014 6:55:24 PM jenkins.InitReactorRunner$1 onAttained
INFO: Started all plugins
Aug 14, 2014 6:55:24 PM jenkins.InitReactorRunner$1 onAttained
INFO: Augmented all extensions
Aug 14, 2014 6:55:24 PM jenkins.InitReactorRunner$1 onAttained
INFO: Loaded all jobs
Aug 14, 2014 6:55:58 PM org.jenkinsci.main.modules.sshd.SSHD start
INFO: Started SSHD at port 1046
Aug 14, 2014 6:55:58 PM jenkins.InitReactorRunner$1 onAttained
INFO: Completed initialization
Aug 14, 2014 6:55:58 PM hudson.TcpSlaveAgentListener <init>
INFO: JNLP slave agent listener started on TCP port 1047
Aug 14, 2014 6:55:59 PM hudson.WebAppMain$3 run
INFO: Jenkins is fully up and running
Aug 14, 2014 7:31:42 PM hudson.model.AsyncPeriodicWork$1 run
INFO: Started Fingerprint cleanup
Aug 14, 2014 7:31:54 PM hudson.model.FingerprintCleanupThread execute
INFO: Cleaned up 0 records
Aug 14, 2014 7:31:54 PM hudson.model.AsyncPeriodicWork$1 run
INFO: Finished Fingerprint cleanup. 1,906 ms
Aug 14, 2014 7:56:46 PM hudson.node_monitors.AbstractAsyncNodeMonitorDescriptor monitor
WARNING: Failed to monitor master for Free Swap Space
java.util.concurrent.TimeoutException
	at java.util.concurrent.FutureTask$Sync.innerGet(Unknown Source)
	at java.util.concurrent.FutureTask.get(Unknown Source)
	at hudson.remoting.LocalChannel$2.get(LocalChannel.java:81)
	at hudson.node_monitors.AbstractAsyncNodeMonitorDescriptor.monitor(AbstractAsyncNodeMonitorDescriptor.java:97)
	at hudson.node_monitors.AbstractNodeMonitorDescriptor$Record.run(AbstractNodeMonitorDescriptor.java:280)

Aug 14, 2014 9:33:55 PM hudson.model.AsyncPeriodicWork$1 run
INFO: Started Out of order build detection
Aug 14, 2014 9:33:57 PM hudson.model.AsyncPeriodicWork$1 run
INFO: Finished Out of order build detection. 640 ms
Aug 16, 2014 6:54:05 PM winstone.Logger logInternal
INFO: Beginning extraction from war file
Aug 16, 2014 6:54:05 PM org.eclipse.jetty.util.log.JavaUtilLog info
INFO: jetty-8.y.z-SNAPSHOT
Aug 16, 2014 6:54:11 PM org.eclipse.jetty.util.log.JavaUtilLog info
INFO: NO JSP Support for , did not find org.apache.jasper.servlet.JspServlet
Aug 16, 2014 6:54:14 PM jenkins.InitReactorRunner$1 onAttained
INFO: Started initialization
Aug 16, 2014 6:54:14 PM org.eclipse.jetty.util.log.JavaUtilLog info
INFO: Started SelectChannelConnector@0.0.0.0:8080
Aug 16, 2014 6:54:14 PM winstone.Logger logInternal
INFO: Winstone Servlet Engine v2.0 running: controlPort=disabled
Aug 16, 2014 6:54:17 PM jenkins.InitReactorRunner$1 onAttained
INFO: Listed all plugins
Aug 16, 2014 6:54:17 PM jenkins.InitReactorRunner$1 onAttained
INFO: Prepared all plugins
Aug 16, 2014 6:54:17 PM jenkins.InitReactorRunner$1 onAttained
INFO: Started all plugins
Aug 16, 2014 6:54:17 PM jenkins.InitReactorRunner$1 onAttained
INFO: Augmented all extensions
Aug 16, 2014 6:54:18 PM jenkins.InitReactorRunner$1 onAttained
INFO: Loaded all jobs
Aug 16, 2014 6:54:38 PM org.jenkinsci.main.modules.sshd.SSHD start
INFO: Started SSHD at port 1039
Aug 16, 2014 6:54:38 PM jenkins.InitReactorRunner$1 onAttained
INFO: Completed initialization
Aug 16, 2014 6:54:38 PM hudson.TcpSlaveAgentListener <init>
INFO: JNLP slave agent listener started on TCP port 1040
Aug 16, 2014 6:54:38 PM hudson.WebAppMain$3 run
INFO: Jenkins is fully up and running
Aug 17, 2014 12:20:11 AM hudson.model.AsyncPeriodicWork$1 run
INFO: Started Fingerprint cleanup
Aug 17, 2014 12:20:11 AM hudson.model.FingerprintCleanupThread execute
INFO: Cleaned up 0 records
Aug 17, 2014 12:20:11 AM hudson.model.AsyncPeriodicWork$1 run
INFO: Finished Fingerprint cleanup. 250 ms
Aug 20, 2014 6:29:25 PM winstone.Logger logInternal
INFO: Beginning extraction from war file
Aug 20, 2014 6:29:25 PM org.eclipse.jetty.util.log.JavaUtilLog info
INFO: jetty-8.y.z-SNAPSHOT
Aug 20, 2014 6:29:35 PM org.eclipse.jetty.util.log.JavaUtilLog info
INFO: NO JSP Support for , did not find org.apache.jasper.servlet.JspServlet
Aug 20, 2014 6:29:37 PM org.eclipse.jetty.util.log.JavaUtilLog info
INFO: Started SelectChannelConnector@0.0.0.0:8080
Aug 20, 2014 6:29:37 PM winstone.Logger logInternal
INFO: Winstone Servlet Engine v2.0 running: controlPort=disabled
Aug 20, 2014 6:29:37 PM jenkins.InitReactorRunner$1 onAttained
INFO: Started initialization
Aug 20, 2014 6:29:44 PM jenkins.InitReactorRunner$1 onAttained
INFO: Listed all plugins
Aug 20, 2014 6:29:44 PM jenkins.InitReactorRunner$1 onAttained
INFO: Prepared all plugins
Aug 20, 2014 6:29:45 PM jenkins.InitReactorRunner$1 onAttained
INFO: Started all plugins
Aug 20, 2014 6:29:45 PM jenkins.InitReactorRunner$1 onAttained
INFO: Augmented all extensions
Aug 20, 2014 6:29:45 PM jenkins.InitReactorRunner$1 onAttained
INFO: Loaded all jobs
Aug 20, 2014 6:29:53 PM org.jenkinsci.main.modules.sshd.SSHD start
INFO: Started SSHD at port 1047
Aug 20, 2014 6:29:53 PM jenkins.InitReactorRunner$1 onAttained
INFO: Completed initialization
Aug 20, 2014 6:29:53 PM hudson.TcpSlaveAgentListener <init>
INFO: JNLP slave agent listener started on TCP port 1048
Aug 20, 2014 6:29:53 PM hudson.WebAppMain$3 run
INFO: Jenkins is fully up and running
Aug 20, 2014 6:31:01 PM hudson.model.AsyncPeriodicWork$1 run
INFO: Started Workspace clean-up
Aug 20, 2014 6:31:01 PM hudson.model.AsyncPeriodicWork$1 run
INFO: Finished Workspace clean-up. 0 ms
Aug 20, 2014 6:56:53 PM hudson.model.AsyncPeriodicWork$1 run
INFO: Started Fingerprint cleanup
Aug 20, 2014 6:56:56 PM hudson.model.FingerprintCleanupThread execute
INFO: Cleaned up 0 records
Aug 20, 2014 6:56:56 PM hudson.model.AsyncPeriodicWork$1 run
INFO: Finished Fingerprint cleanup. 2,031 ms
Aug 21, 2014 6:31:52 PM winstone.Logger logInternal
INFO: Beginning extraction from war file
Aug 21, 2014 6:31:52 PM org.eclipse.jetty.util.log.JavaUtilLog info
INFO: jetty-8.y.z-SNAPSHOT
Aug 21, 2014 6:32:09 PM org.eclipse.jetty.util.log.JavaUtilLog info
INFO: NO JSP Support for , did not find org.apache.jasper.servlet.JspServlet
Aug 21, 2014 6:32:16 PM org.eclipse.jetty.util.log.JavaUtilLog info
INFO: Started SelectChannelConnector@0.0.0.0:8080
Aug 21, 2014 6:32:16 PM winstone.Logger logInternal
INFO: Winstone Servlet Engine v2.0 running: controlPort=disabled
Aug 21, 2014 6:32:16 PM jenkins.InitReactorRunner$1 onAttained
INFO: Started initialization
Aug 21, 2014 6:32:28 PM jenkins.InitReactorRunner$1 onAttained
INFO: Listed all plugins
Aug 21, 2014 6:32:28 PM jenkins.InitReactorRunner$1 onAttained
INFO: Prepared all plugins
Aug 21, 2014 6:32:28 PM jenkins.InitReactorRunner$1 onAttained
INFO: Started all plugins
Aug 21, 2014 6:32:29 PM jenkins.InitReactorRunner$1 onAttained
INFO: Augmented all extensions
Aug 21, 2014 6:32:29 PM jenkins.InitReactorRunner$1 onAttained
INFO: Loaded all jobs
Aug 21, 2014 6:32:53 PM org.jenkinsci.main.modules.sshd.SSHD start
INFO: Started SSHD at port 1048
Aug 21, 2014 6:32:53 PM jenkins.InitReactorRunner$1 onAttained
INFO: Completed initialization
Aug 21, 2014 6:32:53 PM hudson.TcpSlaveAgentListener <init>
INFO: JNLP slave agent listener started on TCP port 1049
Aug 21, 2014 6:32:53 PM hudson.WebAppMain$3 run
INFO: Jenkins is fully up and running
Aug 21, 2014 7:01:27 PM hudson.model.AsyncPeriodicWork$1 run
INFO: Started Download metadata
Aug 21, 2014 7:01:33 PM hudson.model.AsyncPeriodicWork$1 run
INFO: Finished Download metadata. 1,750 ms
